10:27:39 **** Incremental Build of configuration Debug for project PID-Test ****
Info: Internal Builder is used for build
g++ -O0 -g3 -Wall -c -fmessage-length=0 -o main.o "..\\main.cpp" 
..\main.cpp: In function 'int main()':
..\main.cpp:42:60: error: expected ';' before ')' token
         lastTime = (clock() - start)/(double)CLOCKS_PER_SEC);
                                                            ^
10:27:42 **** Incremental Build of configuration Debug for project PID-Test ****
Info: Internal Builder is used for build
g++ -O0 -g3 -Wall -c -fmessage-length=0 -o main.o "..\\main.cpp" 
..\main.cpp: In function 'int main()':
..\main.cpp:30:20: warning: 'start' is used uninitialized in this function [-Wuninitialized]
  double lastTime = start;
                    ^
g++ -o PID-Test.exe PIDController.o main.o 
14:50:51 **** Incremental Build of configuration Debug for project PID-Test ****
Info: Internal Builder is used for build
g++ -O0 -g3 -Wall -c -fmessage-length=0 -o main.o "..\\main.cpp" 
..\main.cpp: In function 'int main()':
..\main.cpp:30:20: warning: 'start' is used uninitialized in this function [-Wuninitialized]
  double lastTime = start;
                    ^
g++ -o PID-Test.exe PIDController.o main.o 
14:54:46 **** Incremental Build of configuration Debug for project PID-Test ****
Info: Internal Builder is used for build
g++ -O0 -g3 -Wall -c -fmessage-length=0 -o main.o "..\\main.cpp" 
g++ -o PID-Test.exe PIDController.o main.o 
14:55:18 **** Incremental Build of configuration Debug for project PID-Test ****
Info: Internal Builder is used for build
g++ -O0 -g3 -Wall -c -fmessage-length=0 -o main.o "..\\main.cpp" 
g++ -o PID-Test.exe PIDController.o main.o 
14:55:49 **** Incremental Build of configuration Debug for project PID-Test ****
Info: Internal Builder is used for build
g++ -O0 -g3 -Wall -c -fmessage-length=0 -o main.o "..\\main.cpp" 
g++ -o PID-Test.exe PIDController.o main.o 
14:56:22 **** Incremental Build of configuration Debug for project PID-Test ****
Info: Internal Builder is used for build
g++ -O0 -g3 -Wall -c -fmessage-length=0 -o main.o "..\\main.cpp" 
g++ -o PID-Test.exe PIDController.o main.o 
15:00:28 **** Incremental Build of configuration Debug for project PID-Test ****
Info: Internal Builder is used for build
g++ -O0 -g3 -Wall -c -fmessage-length=0 -o main.o "..\\main.cpp" 
g++ -o PID-Test.exe PIDController.o main.o 
15:00:55 **** Incremental Build of configuration Debug for project PID-Test ****
Info: Internal Builder is used for build
g++ -O0 -g3 -Wall -c -fmessage-length=0 -o main.o "..\\main.cpp" 
g++ -o PID-Test.exe PIDController.o main.o 
15:01:20 **** Incremental Build of configuration Debug for project PID-Test ****
Info: Internal Builder is used for build
g++ -O0 -g3 -Wall -c -fmessage-length=0 -o main.o "..\\main.cpp" 
g++ -o PID-Test.exe PIDController.o main.o 
15:01:34 **** Incremental Build of configuration Debug for project PID-Test ****
Info: Internal Builder is used for build
g++ -O0 -g3 -Wall -c -fmessage-length=0 -o main.o "..\\main.cpp" 
g++ -o PID-Test.exe PIDController.o main.o 
15:02:10 **** Incremental Build of configuration Debug for project PID-Test ****
Info: Internal Builder is used for build
g++ -O0 -g3 -Wall -c -fmessage-length=0 -o main.o "..\\main.cpp" 
g++ -o PID-Test.exe PIDController.o main.o 
15:12:45 **** Incremental Build of configuration Debug for project PID-Test ****
Info: Internal Builder is used for build
g++ -O0 -g3 -Wall -c -fmessage-length=0 -o main.o "..\\main.cpp" 
g++ -o PID-Test.exe PIDController.o main.o 
15:13:35 **** Incremental Build of configuration Debug for project PID-Test ****
Info: Internal Builder is used for build
g++ -O0 -g3 -Wall -c -fmessage-length=0 -o main.o "..\\main.cpp" 
g++ -o PID-Test.exe PIDController.o main.o 
15:13:54 **** Incremental Build of configuration Debug for project PID-Test ****
Info: Internal Builder is used for build
g++ -O0 -g3 -Wall -c -fmessage-length=0 -o main.o "..\\main.cpp" 
g++ -o PID-Test.exe PIDController.o main.o 
15:14:06 **** Incremental Build of configuration Debug for project PID-Test ****
Info: Internal Builder is used for build
g++ -O0 -g3 -Wall -c -fmessage-length=0 -o main.o "..\\main.cpp" 
g++ -o PID-Test.exe PIDController.o main.o 
15:14:25 **** Incremental Build of configuration Debug for project PID-Test ****
Info: Internal Builder is used for build
g++ -O0 -g3 -Wall -c -fmessage-length=0 -o main.o "..\\main.cpp" 
g++ -o PID-Test.exe PIDController.o main.o 
15:14:47 **** Incremental Build of configuration Debug for project PID-Test ****
Info: Internal Builder is used for build
g++ -O0 -g3 -Wall -c -fmessage-length=0 -o main.o "..\\main.cpp" 
g++ -o PID-Test.exe PIDController.o main.o 
15:17:39 **** Incremental Build of configuration Debug for project PID-Test ****
Info: Internal Builder is used for build
g++ -O0 -g3 -Wall -c -fmessage-length=0 -o PIDController.o "..\\PIDController.cpp" 
g++ -O0 -g3 -Wall -c -fmessage-length=0 -o main.o "..\\main.cpp" 
g++ -o PID-Test.exe PIDController.o main.o 
15:22:13 **** Incremental Build of configuration Debug for project PID-Test ****
Info: Internal Builder is used for build
g++ -O0 -g3 -Wall -c -fmessage-length=0 -o main.o "..\\main.cpp" 
g++ -o PID-Test.exe PIDController.o main.o 
15:22:26 **** Incremental Build of configuration Debug for project PID-Test ****
Info: Internal Builder is used for build
g++ -O0 -g3 -Wall -c -fmessage-length=0 -o main.o "..\\main.cpp" 
g++ -o PID-Test.exe PIDController.o main.o 
15:22:53 **** Incremental Build of configuration Debug for project PID-Test ****
Info: Internal Builder is used for build
g++ -O0 -g3 -Wall -c -fmessage-length=0 -o main.o "..\\main.cpp" 
g++ -o PID-Test.exe PIDController.o main.o 
15:24:35 **** Incremental Build of configuration Debug for project PID-Test ****
Info: Internal Builder is used for build
g++ -O0 -g3 -Wall -c -fmessage-length=0 -o main.o "..\\main.cpp" 
g++ -o PID-Test.exe PIDController.o main.o 
15:25:50 **** Incremental Build of configuration Debug for project PID-Test ****
Info: Internal Builder is used for build
g++ -O0 -g3 -Wall -c -fmessage-length=0 -o main.o "..\\main.cpp" 
g++ -o PID-Test.exe PIDController.o main.o 
15:29:12 **** Incremental Build of configuration Debug for project PID-Test ****
Info: Internal Builder is used for build
g++ -O0 -g3 -Wall -c -fmessage-length=0 -o PIDController.o "..\\PIDController.cpp" 
g++ -O0 -g3 -Wall -c -fmessage-length=0 -o main.o "..\\main.cpp" 
g++ -o PID-Test.exe PIDController.o main.o 
15:29:53 **** Incremental Build of configuration Debug for project PID-Test ****
Info: Internal Builder is used for build
g++ -O0 -g3 -Wall -c -fmessage-length=0 -o main.o "..\\main.cpp" 
g++ -o PID-Test.exe PIDController.o main.o 
15:30:07 **** Incremental Build of configuration Debug for project PID-Test ****
Info: Internal Builder is used for build
g++ -O0 -g3 -Wall -c -fmessage-length=0 -o main.o "..\\main.cpp" 
g++ -o PID-Test.exe PIDController.o main.o 
15:31:17 **** Incremental Build of configuration Debug for project PID-Test ****
Info: Internal Builder is used for build
g++ -O0 -g3 -Wall -c -fmessage-length=0 -o PIDController.o "..\\PIDController.cpp" 
g++ -o PID-Test.exe PIDController.o main.o 
Info: Nothing to build for PID-Test
Info: Nothing to build for PID-Test
15:39:52 **** Incremental Build of configuration Debug for project PID-Test ****
Info: Internal Builder is used for build
g++ -O0 -g3 -Wall -c -fmessage-length=0 -o main.o "..\\main.cpp" 
g++ -o PID-Test.exe PIDController.o main.o 
15:40:09 **** Incremental Build of configuration Debug for project PID-Test ****
Info: Internal Builder is used for build
g++ -O0 -g3 -Wall -c -fmessage-length=0 -o main.o "..\\main.cpp" 
g++ -o PID-Test.exe PIDController.o main.o 
15:40:26 **** Incremental Build of configuration Debug for project PID-Test ****
Info: Internal Builder is used for build
g++ -O0 -g3 -Wall -c -fmessage-length=0 -o main.o "..\\main.cpp" 
g++ -o PID-Test.exe PIDController.o main.o 
15:40:43 **** Incremental Build of configuration Debug for project PID-Test ****
Info: Internal Builder is used for build
g++ -O0 -g3 -Wall -c -fmessage-length=0 -o main.o "..\\main.cpp" 
g++ -o PID-Test.exe PIDController.o main.o 
15:46:31 **** Incremental Build of configuration Debug for project PID-Test ****
Info: Internal Builder is used for build
g++ -O0 -g3 -Wall -c -fmessage-length=0 -o main.o "..\\main.cpp" 
g++ -O0 -g3 -Wall -c -fmessage-length=0 -o PIDController.o "..\\PIDController.cpp" 
g++ -o PID-Test.exe PIDController.o main.o 
15:47:04 **** Incremental Build of configuration Debug for project PID-Test ****
Info: Internal Builder is used for build
g++ -O0 -g3 -Wall -c -fmessage-length=0 -o main.o "..\\main.cpp" 
g++ -o PID-Test.exe PIDController.o main.o 
Info: Nothing to build for PID-Test
15:47:53 **** Incremental Build of configuration Debug for project PID-Test ****
Info: Internal Builder is used for build
g++ -O0 -g3 -Wall -c -fmessage-length=0 -o main.o "..\\main.cpp" 
g++ -o PID-Test.exe PIDController.o main.o 
15:49:46 **** Incremental Build of configuration Debug for project PID-Test ****
Info: Internal Builder is used for build
g++ -O0 -g3 -Wall -c -fmessage-length=0 -o main.o "..\\main.cpp" 
g++ -o PID-Test.exe PIDController.o main.o 
15:50:16 **** Incremental Build of configuration Debug for project PID-Test ****
Info: Internal Builder is used for build
g++ -O0 -g3 -Wall -c -fmessage-length=0 -o main.o "..\\main.cpp" 
g++ -O0 -g3 -Wall -c -fmessage-length=0 -o PIDController.o "..\\PIDController.cpp" 
g++ -o PID-Test.exe PIDController.o main.o 
15:52:40 **** Incremental Build of configuration Debug for project PID-Test ****
Info: Internal Builder is used for build
g++ -O0 -g3 -Wall -c -fmessage-length=0 -o main.o "..\\main.cpp" 
g++ -o PID-Test.exe PIDController.o main.o 
15:53:33 **** Incremental Build of configuration Debug for project PID-Test ****
Info: Internal Builder is used for build
g++ -O0 -g3 -Wall -c -fmessage-length=0 -o main.o "..\\main.cpp" 
g++ -o PID-Test.exe PIDController.o main.o 
15:53:46 **** Incremental Build of configuration Debug for project PID-Test ****
Info: Internal Builder is used for build
g++ -O0 -g3 -Wall -c -fmessage-length=0 -o main.o "..\\main.cpp" 
g++ -o PID-Test.exe PIDController.o main.o 
15:54:02 **** Incremental Build of configuration Debug for project PID-Test ****
Info: Internal Builder is used for build
g++ -O0 -g3 -Wall -c -fmessage-length=0 -o main.o "..\\main.cpp" 
g++ -o PID-Test.exe PIDController.o main.o 
15:54:15 **** Incremental Build of configuration Debug for project PID-Test ****
Info: Internal Builder is used for build
g++ -O0 -g3 -Wall -c -fmessage-length=0 -o main.o "..\\main.cpp" 
g++ -o PID-Test.exe PIDController.o main.o 
15:54:30 **** Incremental Build of configuration Debug for project PID-Test ****
Info: Internal Builder is used for build
g++ -O0 -g3 -Wall -c -fmessage-length=0 -o main.o "..\\main.cpp" 
g++ -o PID-Test.exe PIDController.o main.o 
15:55:22 **** Incremental Build of configuration Debug for project PID-Test ****
Info: Internal Builder is used for build
g++ -O0 -g3 -Wall -c -fmessage-length=0 -o PIDController.o "..\\PIDController.cpp" 
g++ -o PID-Test.exe PIDController.o main.o 
15:55:35 **** Incremental Build of configuration Debug for project PID-Test ****
Info: Internal Builder is used for build
g++ -O0 -g3 -Wall -c -fmessage-length=0 -o main.o "..\\main.cpp" 
g++ -o PID-Test.exe PIDController.o main.o 
15:55:58 **** Incremental Build of configuration Debug for project PID-Test ****
Info: Internal Builder is used for build
g++ -O0 -g3 -Wall -c -fmessage-length=0 -o main.o "..\\main.cpp" 
g++ -o PID-Test.exe PIDController.o main.o 
15:56:19 **** Incremental Build of configuration Debug for project PID-Test ****
Info: Internal Builder is used for build
g++ -O0 -g3 -Wall -c -fmessage-length=0 -o main.o "..\\main.cpp" 
g++ -o PID-Test.exe PIDController.o main.o 
15:57:51 **** Incremental Build of configuration Debug for project PID-Test ****
Info: Internal Builder is used for build
g++ -O0 -g3 -Wall -c -fmessage-length=0 -o main.o "..\\main.cpp" 
g++ -o PID-Test.exe PIDController.o main.o 
15:58:11 **** Incremental Build of configuration Debug for project PID-Test ****
Info: Internal Builder is used for build
g++ -O0 -g3 -Wall -c -fmessage-length=0 -o main.o "..\\main.cpp" 
g++ -o PID-Test.exe PIDController.o main.o 
15:58:25 **** Incremental Build of configuration Debug for project PID-Test ****
Info: Internal Builder is used for build
g++ -O0 -g3 -Wall -c -fmessage-length=0 -o main.o "..\\main.cpp" 
g++ -o PID-Test.exe PIDController.o main.o 
15:58:38 **** Incremental Build of configuration Debug for project PID-Test ****
Info: Internal Builder is used for build
g++ -O0 -g3 -Wall -c -fmessage-length=0 -o main.o "..\\main.cpp" 
g++ -o PID-Test.exe PIDController.o main.o 
15:58:52 **** Incremental Build of configuration Debug for project PID-Test ****
Info: Internal Builder is used for build
g++ -O0 -g3 -Wall -c -fmessage-length=0 -o main.o "..\\main.cpp" 
g++ -o PID-Test.exe PIDController.o main.o 
15:59:10 **** Incremental Build of configuration Debug for project PID-Test ****
Info: Internal Builder is used for build
g++ -O0 -g3 -Wall -c -fmessage-length=0 -o main.o "..\\main.cpp" 
g++ -o PID-Test.exe PIDController.o main.o 
15:59:26 **** Incremental Build of configuration Debug for project PID-Test ****
Info: Internal Builder is used for build
g++ -O0 -g3 -Wall -c -fmessage-length=0 -o main.o "..\\main.cpp" 
g++ -o PID-Test.exe PIDController.o main.o 
15:59:49 **** Incremental Build of configuration Debug for project PID-Test ****
Info: Internal Builder is used for build
g++ -O0 -g3 -Wall -c -fmessage-length=0 -o main.o "..\\main.cpp" 
g++ -o PID-Test.exe PIDController.o main.o 
16:00:12 **** Incremental Build of configuration Debug for project PID-Test ****
Info: Internal Builder is used for build
g++ -O0 -g3 -Wall -c -fmessage-length=0 -o main.o "..\\main.cpp" 
g++ -o PID-Test.exe PIDController.o main.o 
16:00:34 **** Incremental Build of configuration Debug for project PID-Test ****
Info: Internal Builder is used for build
g++ -O0 -g3 -Wall -c -fmessage-length=0 -o main.o "..\\main.cpp" 
g++ -o PID-Test.exe PIDController.o main.o 
16:00:47 **** Incremental Build of configuration Debug for project PID-Test ****
Info: Internal Builder is used for build
g++ -O0 -g3 -Wall -c -fmessage-length=0 -o main.o "..\\main.cpp" 
g++ -o PID-Test.exe PIDController.o main.o 
