0 info it worked if it ends with ok
1 verbose cli [ 'c:\\Program Files\\nodejs\\node.exe',
1 verbose cli   'c:\\Program Files\\nodejs\\node_modules\\npm\\bin\\npm-cli.js',
1 verbose cli   'install',
1 verbose cli   'onoff' ]
2 info using npm@2.15.9
3 info using node@v4.6.1
4 verbose install initial load of C:\Users\jklei\Desktop\robot\package.json
5 verbose installManyTop reading scoped package data from C:\Users\jklei\Desktop\robot\node_modules\async\package.json
6 verbose readDependencies loading dependencies from C:\Users\jklei\Desktop\robot\package.json
7 silly cache add args [ 'onoff', null ]
8 verbose cache add spec onoff
9 silly cache add parsed spec Result {
9 silly cache add   raw: 'onoff',
9 silly cache add   scope: null,
9 silly cache add   name: 'onoff',
9 silly cache add   rawSpec: '',
9 silly cache add   spec: 'latest',
9 silly cache add   type: 'tag' }
10 silly addNamed onoff@latest
11 verbose addNamed "latest" is being treated as a dist-tag for onoff
12 info addNameTag [ 'onoff', 'latest' ]
13 silly mapToRegistry name onoff
14 silly mapToRegistry using default registry
15 silly mapToRegistry registry https://registry.npmjs.org/
16 silly mapToRegistry data Result {
16 silly mapToRegistry   raw: 'onoff',
16 silly mapToRegistry   scope: null,
16 silly mapToRegistry   name: 'onoff',
16 silly mapToRegistry   rawSpec: '',
16 silly mapToRegistry   spec: 'latest',
16 silly mapToRegistry   type: 'tag' }
17 silly mapToRegistry uri https://registry.npmjs.org/onoff
18 verbose addNameTag registry:https://registry.npmjs.org/onoff not in flight; fetching
19 verbose request uri https://registry.npmjs.org/onoff
20 verbose request no auth needed
21 info attempt registry request try #1 at 6:48:18 PM
22 verbose request id f8c16ddcdabc6b60
23 http request GET https://registry.npmjs.org/onoff
24 http 200 https://registry.npmjs.org/onoff
25 verbose headers { server: 'CouchDB/1.5.0 (Erlang OTP/R16B03)',
25 verbose headers   etag: '"2OCUXFY94R5X72W012882AQK0"',
25 verbose headers   'content-type': 'application/json',
25 verbose headers   'content-encoding': 'gzip',
25 verbose headers   'cache-control': 'max-age=300',
25 verbose headers   'content-length': '9454',
25 verbose headers   'accept-ranges': 'bytes',
25 verbose headers   date: 'Tue, 08 Nov 2016 00:48:19 GMT',
25 verbose headers   via: '1.1 varnish',
25 verbose headers   age: '0',
25 verbose headers   connection: 'keep-alive',
25 verbose headers   'x-served-by': 'cache-ord1720-ORD',
25 verbose headers   'x-cache': 'MISS',
25 verbose headers   'x-cache-hits': '0',
25 verbose headers   'x-timer': 'S1478566099.573391,VS0,VE55',
25 verbose headers   vary: 'Accept-Encoding' }
26 silly get cb [ 200,
26 silly get   { server: 'CouchDB/1.5.0 (Erlang OTP/R16B03)',
26 silly get     etag: '"2OCUXFY94R5X72W012882AQK0"',
26 silly get     'content-type': 'application/json',
26 silly get     'content-encoding': 'gzip',
26 silly get     'cache-control': 'max-age=300',
26 silly get     'content-length': '9454',
26 silly get     'accept-ranges': 'bytes',
26 silly get     date: 'Tue, 08 Nov 2016 00:48:19 GMT',
26 silly get     via: '1.1 varnish',
26 silly get     age: '0',
26 silly get     connection: 'keep-alive',
26 silly get     'x-served-by': 'cache-ord1720-ORD',
26 silly get     'x-cache': 'MISS',
26 silly get     'x-cache-hits': '0',
26 silly get     'x-timer': 'S1478566099.573391,VS0,VE55',
26 silly get     vary: 'Accept-Encoding' } ]
27 verbose get saving onoff to C:\Users\jklei\AppData\Roaming\npm-cache\registry.npmjs.org\onoff\.cache.json
28 verbose correctMkdir C:\Users\jklei\AppData\Roaming\npm-cache correctMkdir not in flight; initializing
29 silly addNameTag next cb for onoff with tag latest
30 silly addNamed onoff@1.1.1
31 verbose addNamed "1.1.1" is a plain semver version for onoff
32 silly mapToRegistry name onoff
33 silly mapToRegistry using default registry
34 silly mapToRegistry registry https://registry.npmjs.org/
35 silly mapToRegistry data Result {
35 silly mapToRegistry   raw: 'onoff',
35 silly mapToRegistry   scope: null,
35 silly mapToRegistry   name: 'onoff',
35 silly mapToRegistry   rawSpec: '',
35 silly mapToRegistry   spec: 'latest',
35 silly mapToRegistry   type: 'tag' }
36 silly mapToRegistry uri https://registry.npmjs.org/onoff
37 verbose addRemoteTarball https://registry.npmjs.org/onoff/-/onoff-1.1.1.tgz not in flight; adding
38 verbose addRemoteTarball [ 'https://registry.npmjs.org/onoff/-/onoff-1.1.1.tgz',
38 verbose addRemoteTarball   '3ed88a8d4c9cc3a58c3e4766d7e9d1bcffb0df3b' ]
39 info retry fetch attempt 1 at 6:48:19 PM
40 info attempt registry request try #1 at 6:48:19 PM
41 http fetch GET https://registry.npmjs.org/onoff/-/onoff-1.1.1.tgz
42 http fetch 200 https://registry.npmjs.org/onoff/-/onoff-1.1.1.tgz
43 silly fetchAndShaCheck shasum 3ed88a8d4c9cc3a58c3e4766d7e9d1bcffb0df3b
44 verbose addTmpTarball C:\Users\jklei\AppData\Local\Temp\npm-34732-45c99d12\registry.npmjs.org\onoff\-\onoff-1.1.1.tgz not in flight; adding
45 verbose addTmpTarball already have metadata; skipping unpack for onoff@1.1.1
46 verbose correctMkdir C:\Users\jklei\AppData\Roaming\npm-cache correctMkdir not in flight; initializing
47 silly cache afterAdd onoff@1.1.1
48 verbose afterAdd C:\Users\jklei\AppData\Roaming\npm-cache\onoff\1.1.1\package\package.json not in flight; writing
49 verbose correctMkdir C:\Users\jklei\AppData\Roaming\npm-cache correctMkdir not in flight; initializing
50 verbose afterAdd C:\Users\jklei\AppData\Roaming\npm-cache\onoff\1.1.1\package\package.json written
51 silly install resolved [ { name: 'onoff',
51 silly install resolved     version: '1.1.1',
51 silly install resolved     description: 'GPIO access and interrupt detection with JavaScript',
51 silly install resolved     main: 'onoff.js',
51 silly install resolved     directories: { example: 'examples', test: 'test' },
51 silly install resolved     scripts: { test: 'echo "Tests can only be run manually from the command line. They access hardware GPIOs." && exit 1' },
51 silly install resolved     repository: { type: 'git', url: 'git+https://github.com/fivdi/onoff.git' },
51 silly install resolved     engines: { node: '>=0.8.0' },
51 silly install resolved     dependencies: { epoll: '~0.1.19' },
51 silly install resolved     keywords:
51 silly install resolved      [ 'gpio',
51 silly install resolved        'embedded',
51 silly install resolved        'interrupt',
51 silly install resolved        'beaglebone',
51 silly install resolved        'bbb',
51 silly install resolved        'bb',
51 silly install resolved        'raspberry',
51 silly install resolved        'raspi',
51 silly install resolved        'rpi',
51 silly install resolved        'pi',
51 silly install resolved        'linux' ],
51 silly install resolved     author: { name: 'fivdi' },
51 silly install resolved     license: 'MIT',
51 silly install resolved     gitHead: 'd653309e3ccbc9e6e7a190ded8418aa6e3a7f620',
51 silly install resolved     bugs: { url: 'https://github.com/fivdi/onoff/issues' },
51 silly install resolved     homepage: 'https://github.com/fivdi/onoff#readme',
51 silly install resolved     _id: 'onoff@1.1.1',
51 silly install resolved     _shasum: '3ed88a8d4c9cc3a58c3e4766d7e9d1bcffb0df3b',
51 silly install resolved     _from: 'onoff@latest',
51 silly install resolved     _npmVersion: '2.15.0',
51 silly install resolved     _nodeVersion: '0.10.44',
51 silly install resolved     _npmUser: { name: 'fivdi', email: 'fivdiweb@gmail.com' },
51 silly install resolved     maintainers: [ [Object] ],
51 silly install resolved     dist:
51 silly install resolved      { shasum: '3ed88a8d4c9cc3a58c3e4766d7e9d1bcffb0df3b',
51 silly install resolved        tarball: 'https://registry.npmjs.org/onoff/-/onoff-1.1.1.tgz' },
51 silly install resolved     _npmOperationalInternal:
51 silly install resolved      { host: 'packages-16-east.internal.npmjs.com',
51 silly install resolved        tmp: 'tmp/onoff-1.1.1.tgz_1465140688539_0.6314098725561053' },
51 silly install resolved     _resolved: 'https://registry.npmjs.org/onoff/-/onoff-1.1.1.tgz' } ]
52 info install onoff@1.1.1 into C:\Users\jklei\Desktop\robot
53 info installOne onoff@1.1.1
54 verbose installOne of onoff to C:\Users\jklei\Desktop\robot not in flight; installing
55 verbose correctMkdir C:\Users\jklei\AppData\Roaming\npm-cache\_locks correctMkdir not in flight; initializing
56 verbose lock using C:\Users\jklei\AppData\Roaming\npm-cache\_locks\onoff-0b1d809905bfb234.lock for C:\Users\jklei\Desktop\robot\node_modules\onoff
57 silly install write writing onoff 1.1.1 to C:\Users\jklei\Desktop\robot\node_modules\onoff
58 verbose unbuild node_modules\onoff
59 silly gentlyRm C:\Users\jklei\Desktop\robot\node_modules\onoff is being purged from base C:\Users\jklei\Desktop\robot
60 verbose gentlyRm don't care about contents; nuking C:\Users\jklei\Desktop\robot\node_modules\onoff
61 verbose tar unpack C:\Users\jklei\AppData\Roaming\npm-cache\onoff\1.1.1\package.tgz
62 verbose tar unpacking to C:\Users\jklei\Desktop\robot\node_modules\onoff
63 silly gentlyRm C:\Users\jklei\Desktop\robot\node_modules\onoff is being purged
64 verbose gentlyRm don't care about contents; nuking C:\Users\jklei\Desktop\robot\node_modules\onoff
65 silly gunzTarPerm modes [ '777', '666' ]
66 silly gunzTarPerm extractEntry package.json
67 silly gunzTarPerm modified mode [ 'package.json', 436, 438 ]
68 silly gunzTarPerm extractEntry .npmignore
69 silly gunzTarPerm modified mode [ '.npmignore', 436, 438 ]
70 silly gunzTarPerm extractEntry README.md
71 silly gunzTarPerm modified mode [ 'README.md', 436, 438 ]
72 silly gunzTarPerm extractEntry LICENSE
73 silly gunzTarPerm modified mode [ 'LICENSE', 436, 438 ]
74 silly gunzTarPerm extractEntry onoff.js
75 silly gunzTarPerm modified mode [ 'onoff.js', 436, 438 ]
76 silly gunzTarPerm extractEntry History.md
77 silly gunzTarPerm modified mode [ 'History.md', 436, 438 ]
78 silly gunzTarPerm extractEntry examples/blink-led-async.js
79 silly gunzTarPerm modified mode [ 'examples/blink-led-async.js', 436, 438 ]
80 silly gunzTarPerm extractEntry examples/blink-led.js
81 silly gunzTarPerm modified mode [ 'examples/blink-led.js', 436, 438 ]
82 silly gunzTarPerm extractEntry examples/light-switch.js
83 silly gunzTarPerm modified mode [ 'examples/light-switch.js', 436, 438 ]
84 silly gunzTarPerm extractEntry examples/wait-for-interrupt.js
85 silly gunzTarPerm modified mode [ 'examples/wait-for-interrupt.js', 436, 438 ]
86 silly gunzTarPerm extractEntry examples/light-switch.png
87 silly gunzTarPerm modified mode [ 'examples/light-switch.png', 436, 438 ]
88 silly gunzTarPerm extractEntry examples/mygpio-overlay.dts
89 silly gunzTarPerm modified mode [ 'examples/mygpio-overlay.dts', 436, 438 ]
90 silly gunzTarPerm extractEntry examples/run-examples
91 silly gunzTarPerm modified mode [ 'examples/run-examples', 509, 511 ]
92 silly gunzTarPerm extractEntry test/blink-led.js
93 silly gunzTarPerm modified mode [ 'test/blink-led.js', 436, 438 ]
94 silly gunzTarPerm extractEntry test/configure-and-check-input.js
95 silly gunzTarPerm modified mode [ 'test/configure-and-check-input.js', 436, 438 ]
96 silly gunzTarPerm extractEntry test/configure-and-check-output.js
97 silly gunzTarPerm modified mode [ 'test/configure-and-check-output.js', 436, 438 ]
98 silly gunzTarPerm extractEntry test/export-many-times.js
99 silly gunzTarPerm modified mode [ 'test/export-many-times.js', 436, 438 ]
100 silly gunzTarPerm extractEntry test/many-interrupts.js
101 silly gunzTarPerm modified mode [ 'test/many-interrupts.js', 436, 438 ]
102 silly gunzTarPerm extractEntry test/configure-and-check-active-low.js
103 silly gunzTarPerm modified mode [ 'test/configure-and-check-active-low.js', 436, 438 ]
104 silly gunzTarPerm extractEntry test/performance-interrupt.js
105 silly gunzTarPerm modified mode [ 'test/performance-interrupt.js', 436, 438 ]
106 silly gunzTarPerm extractEntry test/performance-sync.js
107 silly gunzTarPerm modified mode [ 'test/performance-sync.js', 436, 438 ]
108 silly gunzTarPerm extractEntry test/wait-for-interrupt.js
109 silly gunzTarPerm modified mode [ 'test/wait-for-interrupt.js', 436, 438 ]
110 silly gunzTarPerm extractEntry test/wait-for-many-interrupts.js
111 silly gunzTarPerm modified mode [ 'test/wait-for-many-interrupts.js', 436, 438 ]
112 silly gunzTarPerm extractEntry test/performance-async.js
113 silly gunzTarPerm modified mode [ 'test/performance-async.js', 436, 438 ]
114 silly gunzTarPerm extractEntry test/run-tests
115 silly gunzTarPerm modified mode [ 'test/run-tests', 509, 511 ]
116 verbose write writing to C:\Users\jklei\Desktop\robot\node_modules\onoff\package.json
117 info preinstall onoff@1.1.1
118 verbose readDependencies loading dependencies from C:\Users\jklei\Desktop\robot\node_modules\onoff\package.json
119 silly prepareForInstallMany adding epoll@~0.1.19 from onoff dependencies
120 verbose readDependencies loading dependencies from C:\Users\jklei\Desktop\robot\node_modules\onoff\package.json
121 silly cache add args [ 'epoll@~0.1.19', null ]
122 verbose cache add spec epoll@~0.1.19
123 silly cache add parsed spec Result {
123 silly cache add   raw: 'epoll@~0.1.19',
123 silly cache add   scope: null,
123 silly cache add   name: 'epoll',
123 silly cache add   rawSpec: '~0.1.19',
123 silly cache add   spec: '>=0.1.19 <0.2.0',
123 silly cache add   type: 'range' }
124 silly addNamed epoll@>=0.1.19 <0.2.0
125 verbose addNamed ">=0.1.19 <0.2.0" is a valid semver range for epoll
126 silly addNameRange { name: 'epoll', range: '>=0.1.19 <0.2.0', hasData: false }
127 silly mapToRegistry name epoll
128 silly mapToRegistry using default registry
129 silly mapToRegistry registry https://registry.npmjs.org/
130 silly mapToRegistry data Result {
130 silly mapToRegistry   raw: 'epoll',
130 silly mapToRegistry   scope: null,
130 silly mapToRegistry   name: 'epoll',
130 silly mapToRegistry   rawSpec: '',
130 silly mapToRegistry   spec: 'latest',
130 silly mapToRegistry   type: 'tag' }
131 silly mapToRegistry uri https://registry.npmjs.org/epoll
132 verbose addNameRange registry:https://registry.npmjs.org/epoll not in flight; fetching
133 verbose request uri https://registry.npmjs.org/epoll
134 verbose request no auth needed
135 info attempt registry request try #1 at 6:48:19 PM
136 verbose etag "SC8SO2E3HUE89E4YOI0PYCED"
137 http request GET https://registry.npmjs.org/epoll
138 http 304 https://registry.npmjs.org/epoll
139 verbose headers { date: 'Tue, 08 Nov 2016 00:48:20 GMT',
139 verbose headers   via: '1.1 varnish',
139 verbose headers   'cache-control': 'max-age=300',
139 verbose headers   etag: '"SC8SO2E3HUE89E4YOI0PYCED"',
139 verbose headers   age: '0',
139 verbose headers   connection: 'keep-alive',
139 verbose headers   'x-served-by': 'cache-ord1720-ORD',
139 verbose headers   'x-cache': 'MISS',
139 verbose headers   'x-cache-hits': '0',
139 verbose headers   'x-timer': 'S1478566100.110201,VS0,VE305',
139 verbose headers   vary: 'Accept-Encoding' }
140 silly get cb [ 304,
140 silly get   { date: 'Tue, 08 Nov 2016 00:48:20 GMT',
140 silly get     via: '1.1 varnish',
140 silly get     'cache-control': 'max-age=300',
140 silly get     etag: '"SC8SO2E3HUE89E4YOI0PYCED"',
140 silly get     age: '0',
140 silly get     connection: 'keep-alive',
140 silly get     'x-served-by': 'cache-ord1720-ORD',
140 silly get     'x-cache': 'MISS',
140 silly get     'x-cache-hits': '0',
140 silly get     'x-timer': 'S1478566100.110201,VS0,VE305',
140 silly get     vary: 'Accept-Encoding' } ]
141 verbose etag https://registry.npmjs.org/epoll from cache
142 verbose get saving epoll to C:\Users\jklei\AppData\Roaming\npm-cache\registry.npmjs.org\epoll\.cache.json
143 verbose correctMkdir C:\Users\jklei\AppData\Roaming\npm-cache correctMkdir not in flight; initializing
144 silly addNameRange number 2 { name: 'epoll', range: '>=0.1.19 <0.2.0', hasData: true }
145 silly addNameRange versions [ 'epoll',
145 silly addNameRange   [ '0.0.1',
145 silly addNameRange     '0.0.2',
145 silly addNameRange     '0.0.3',
145 silly addNameRange     '0.0.4',
145 silly addNameRange     '0.0.5',
145 silly addNameRange     '0.0.6',
145 silly addNameRange     '0.0.7',
145 silly addNameRange     '0.0.8',
145 silly addNameRange     '0.1.0',
145 silly addNameRange     '0.1.1',
145 silly addNameRange     '0.1.2',
145 silly addNameRange     '0.1.3',
145 silly addNameRange     '0.1.4',
145 silly addNameRange     '0.1.5',
145 silly addNameRange     '0.1.7',
145 silly addNameRange     '0.1.8',
145 silly addNameRange     '0.1.9',
145 silly addNameRange     '0.1.10',
145 silly addNameRange     '0.1.11',
145 silly addNameRange     '0.1.12',
145 silly addNameRange     '0.1.13',
145 silly addNameRange     '0.1.14',
145 silly addNameRange     '0.1.15',
145 silly addNameRange     '0.1.16',
145 silly addNameRange     '0.1.17',
145 silly addNameRange     '0.1.18',
145 silly addNameRange     '0.1.19',
145 silly addNameRange     '0.1.20' ] ]
146 silly addNamed epoll@0.1.20
147 verbose addNamed "0.1.20" is a plain semver version for epoll
148 silly cache afterAdd epoll@0.1.20
149 verbose afterAdd C:\Users\jklei\AppData\Roaming\npm-cache\epoll\0.1.20\package\package.json not in flight; writing
150 verbose correctMkdir C:\Users\jklei\AppData\Roaming\npm-cache correctMkdir not in flight; initializing
151 verbose afterAdd C:\Users\jklei\AppData\Roaming\npm-cache\epoll\0.1.20\package\package.json written
152 silly install resolved [ { name: 'epoll',
152 silly install resolved     version: '0.1.20',
152 silly install resolved     description: 'A low-level Node.js binding for the Linux epoll API',
152 silly install resolved     main: 'epoll.js',
152 silly install resolved     directories: { example: 'example', test: 'test' },
152 silly install resolved     scripts:
152 silly install resolved      { test: 'echo "Tests can only be run manually from the command line." && exit 1',
152 silly install resolved        install: 'node-gyp rebuild' },
152 silly install resolved     repository: { type: 'git', url: 'git+https://github.com/fivdi/epoll.git' },
152 silly install resolved     engines: { node: '>=0.8.0' },
152 silly install resolved     dependencies: { bindings: '~1.2.1', nan: '~2.4.0' },
152 silly install resolved     keywords:
152 silly install resolved      [ 'epoll',
152 silly install resolved        'epollpri',
152 silly install resolved        'poll',
152 silly install resolved        'pollpri',
152 silly install resolved        'gpio',
152 silly install resolved        'interrupt',
152 silly install resolved        'linux' ],
152 silly install resolved     author: { name: 'fivdi' },
152 silly install resolved     license: 'MIT',
152 silly install resolved     gypfile: true,
152 silly install resolved     gitHead: '1291ecd87587412ee347211ff88ae3643dd691d4',
152 silly install resolved     bugs: { url: 'https://github.com/fivdi/epoll/issues' },
152 silly install resolved     homepage: 'https://github.com/fivdi/epoll#readme',
152 silly install resolved     _id: 'epoll@0.1.20',
152 silly install resolved     _shasum: '68a7ef9bdb7a58813ccae2f817f8beb9ea396c55',
152 silly install resolved     _from: 'epoll@>=0.1.19 <0.2.0',
152 silly install resolved     _npmVersion: '3.9.5',
152 silly install resolved     _nodeVersion: '6.2.2',
152 silly install resolved     _npmUser: { name: 'fivdi', email: 'fivdiweb@gmail.com' },
152 silly install resolved     maintainers: [ [Object] ],
152 silly install resolved     dist:
152 silly install resolved      { shasum: '68a7ef9bdb7a58813ccae2f817f8beb9ea396c55',
152 silly install resolved        tarball: 'https://registry.npmjs.org/epoll/-/epoll-0.1.20.tgz' },
152 silly install resolved     _npmOperationalInternal:
152 silly install resolved      { host: 'packages-12-west.internal.npmjs.com',
152 silly install resolved        tmp: 'tmp/epoll-0.1.20.tgz_1469221947275_0.6876409735996276' },
152 silly install resolved     _resolved: 'https://registry.npmjs.org/epoll/-/epoll-0.1.20.tgz',
152 silly install resolved     readme: 'ERROR: No README data found!' } ]
153 info install epoll@0.1.20 into C:\Users\jklei\Desktop\robot\node_modules\onoff
154 info installOne epoll@0.1.20
155 verbose installOne of epoll to C:\Users\jklei\Desktop\robot\node_modules\onoff not in flight; installing
156 verbose correctMkdir C:\Users\jklei\AppData\Roaming\npm-cache\_locks correctMkdir not in flight; initializing
157 verbose lock using C:\Users\jklei\AppData\Roaming\npm-cache\_locks\epoll-9b6d0f9425acf1d9.lock for C:\Users\jklei\Desktop\robot\node_modules\onoff\node_modules\epoll
158 silly install write writing epoll 0.1.20 to C:\Users\jklei\Desktop\robot\node_modules\onoff\node_modules\epoll
159 verbose unbuild node_modules\onoff\node_modules\epoll
160 silly gentlyRm C:\Users\jklei\Desktop\robot\node_modules\onoff\node_modules\epoll is being purged from base C:\Users\jklei\Desktop\robot
161 verbose gentlyRm don't care about contents; nuking C:\Users\jklei\Desktop\robot\node_modules\onoff\node_modules\epoll
162 verbose tar unpack C:\Users\jklei\AppData\Roaming\npm-cache\epoll\0.1.20\package.tgz
163 verbose tar unpacking to C:\Users\jklei\Desktop\robot\node_modules\onoff\node_modules\epoll
164 silly gentlyRm C:\Users\jklei\Desktop\robot\node_modules\onoff\node_modules\epoll is being purged
165 verbose gentlyRm don't care about contents; nuking C:\Users\jklei\Desktop\robot\node_modules\onoff\node_modules\epoll
166 silly gunzTarPerm modes [ '777', '666' ]
167 silly gunzTarPerm extractEntry package.json
168 silly gunzTarPerm modified mode [ 'package.json', 436, 438 ]
169 silly gunzTarPerm extractEntry .npmignore
170 silly gunzTarPerm modified mode [ '.npmignore', 436, 438 ]
171 silly gunzTarPerm extractEntry README.md
172 silly gunzTarPerm modified mode [ 'README.md', 436, 438 ]
173 silly gunzTarPerm extractEntry LICENSE
174 silly gunzTarPerm modified mode [ 'LICENSE', 436, 438 ]
175 silly gunzTarPerm extractEntry epoll.js
176 silly gunzTarPerm modified mode [ 'epoll.js', 436, 438 ]
177 silly gunzTarPerm extractEntry History.md
178 silly gunzTarPerm modified mode [ 'History.md', 436, 438 ]
179 silly gunzTarPerm extractEntry binding.gyp
180 silly gunzTarPerm modified mode [ 'binding.gyp', 436, 438 ]
181 silly gunzTarPerm extractEntry example/interrupts-per-second/interrupts-per-second.js
182 silly gunzTarPerm modified mode [ 'example/interrupts-per-second/interrupts-per-second.js',
182 silly gunzTarPerm   436,
182 silly gunzTarPerm   438 ]
183 silly gunzTarPerm extractEntry example/interrupts-per-second/export
184 silly gunzTarPerm modified mode [ 'example/interrupts-per-second/export', 509, 511 ]
185 silly gunzTarPerm extractEntry example/interrupts-per-second/unexport
186 silly gunzTarPerm modified mode [ 'example/interrupts-per-second/unexport', 509, 511 ]
187 silly gunzTarPerm extractEntry example/watch-button/watch-button.js
188 silly gunzTarPerm modified mode [ 'example/watch-button/watch-button.js', 436, 438 ]
189 silly gunzTarPerm extractEntry example/watch-button/export
190 silly gunzTarPerm modified mode [ 'example/watch-button/export', 509, 511 ]
191 silly gunzTarPerm extractEntry example/watch-button/unexport
192 silly gunzTarPerm modified mode [ 'example/watch-button/unexport', 509, 511 ]
193 silly gunzTarPerm extractEntry src/epoll.cc
194 silly gunzTarPerm modified mode [ 'src/epoll.cc', 436, 438 ]
195 silly gunzTarPerm extractEntry src/epoll.h
196 silly gunzTarPerm modified mode [ 'src/epoll.h', 436, 438 ]
197 silly gunzTarPerm extractEntry test/brute-force-leak-check.js
198 silly gunzTarPerm modified mode [ 'test/brute-force-leak-check.js', 436, 438 ]
199 silly gunzTarPerm extractEntry test/do-almost-nothing.js
200 silly gunzTarPerm modified mode [ 'test/do-almost-nothing.js', 436, 438 ]
201 silly gunzTarPerm extractEntry test/do-nothing.js
202 silly gunzTarPerm modified mode [ 'test/do-nothing.js', 436, 438 ]
203 silly gunzTarPerm extractEntry test/no-gc-allowed.js
204 silly gunzTarPerm modified mode [ 'test/no-gc-allowed.js', 436, 438 ]
205 silly gunzTarPerm extractEntry test/closed.js
206 silly gunzTarPerm modified mode [ 'test/closed.js', 436, 438 ]
207 silly gunzTarPerm extractEntry test/performance-check.js
208 silly gunzTarPerm modified mode [ 'test/performance-check.js', 436, 438 ]
209 silly gunzTarPerm extractEntry test/util.js
210 silly gunzTarPerm modified mode [ 'test/util.js', 436, 438 ]
211 silly gunzTarPerm extractEntry test/two-shot.js
212 silly gunzTarPerm modified mode [ 'test/two-shot.js', 436, 438 ]
213 silly gunzTarPerm extractEntry test/verify-events.js
214 silly gunzTarPerm modified mode [ 'test/verify-events.js', 436, 438 ]
215 silly gunzTarPerm extractEntry test/one-shot.js
216 silly gunzTarPerm modified mode [ 'test/one-shot.js', 436, 438 ]
217 silly gunzTarPerm extractEntry test/run-tests
218 silly gunzTarPerm modified mode [ 'test/run-tests', 509, 511 ]
219 verbose write writing to C:\Users\jklei\Desktop\robot\node_modules\onoff\node_modules\epoll\package.json
220 info preinstall epoll@0.1.20
221 verbose readDependencies loading dependencies from C:\Users\jklei\Desktop\robot\node_modules\onoff\node_modules\epoll\package.json
222 silly prepareForInstallMany adding bindings@~1.2.1 from epoll dependencies
223 silly prepareForInstallMany adding nan@~2.4.0 from epoll dependencies
224 verbose readDependencies loading dependencies from C:\Users\jklei\Desktop\robot\node_modules\onoff\node_modules\epoll\package.json
225 silly cache add args [ 'bindings@~1.2.1', null ]
226 verbose cache add spec bindings@~1.2.1
227 silly cache add args [ 'nan@~2.4.0', null ]
228 verbose cache add spec nan@~2.4.0
229 silly cache add parsed spec Result {
229 silly cache add   raw: 'bindings@~1.2.1',
229 silly cache add   scope: null,
229 silly cache add   name: 'bindings',
229 silly cache add   rawSpec: '~1.2.1',
229 silly cache add   spec: '>=1.2.1 <1.3.0',
229 silly cache add   type: 'range' }
230 silly addNamed bindings@>=1.2.1 <1.3.0
231 verbose addNamed ">=1.2.1 <1.3.0" is a valid semver range for bindings
232 silly addNameRange { name: 'bindings', range: '>=1.2.1 <1.3.0', hasData: false }
233 silly mapToRegistry name bindings
234 silly mapToRegistry using default registry
235 silly mapToRegistry registry https://registry.npmjs.org/
236 silly mapToRegistry data Result {
236 silly mapToRegistry   raw: 'bindings',
236 silly mapToRegistry   scope: null,
236 silly mapToRegistry   name: 'bindings',
236 silly mapToRegistry   rawSpec: '',
236 silly mapToRegistry   spec: 'latest',
236 silly mapToRegistry   type: 'tag' }
237 silly mapToRegistry uri https://registry.npmjs.org/bindings
238 verbose addNameRange registry:https://registry.npmjs.org/bindings not in flight; fetching
239 silly cache add parsed spec Result {
239 silly cache add   raw: 'nan@~2.4.0',
239 silly cache add   scope: null,
239 silly cache add   name: 'nan',
239 silly cache add   rawSpec: '~2.4.0',
239 silly cache add   spec: '>=2.4.0 <2.5.0',
239 silly cache add   type: 'range' }
240 silly addNamed nan@>=2.4.0 <2.5.0
241 verbose addNamed ">=2.4.0 <2.5.0" is a valid semver range for nan
242 silly addNameRange { name: 'nan', range: '>=2.4.0 <2.5.0', hasData: false }
243 silly mapToRegistry name nan
244 silly mapToRegistry using default registry
245 silly mapToRegistry registry https://registry.npmjs.org/
246 silly mapToRegistry data Result {
246 silly mapToRegistry   raw: 'nan',
246 silly mapToRegistry   scope: null,
246 silly mapToRegistry   name: 'nan',
246 silly mapToRegistry   rawSpec: '',
246 silly mapToRegistry   spec: 'latest',
246 silly mapToRegistry   type: 'tag' }
247 silly mapToRegistry uri https://registry.npmjs.org/nan
248 verbose addNameRange registry:https://registry.npmjs.org/nan not in flight; fetching
249 verbose request uri https://registry.npmjs.org/bindings
250 verbose request no auth needed
251 info attempt registry request try #1 at 6:48:20 PM
252 verbose etag "8QW29MHCPCE6VJCVI3QVXRJAQ"
253 http request GET https://registry.npmjs.org/bindings
254 verbose request uri https://registry.npmjs.org/nan
255 verbose request no auth needed
256 info attempt registry request try #1 at 6:48:20 PM
257 verbose etag "2QXFPVXUU9DUUTAACVV4FOU2Z"
258 http request GET https://registry.npmjs.org/nan
259 http 304 https://registry.npmjs.org/bindings
260 verbose headers { date: 'Tue, 08 Nov 2016 00:48:20 GMT',
260 verbose headers   via: '1.1 varnish',
260 verbose headers   'cache-control': 'max-age=300',
260 verbose headers   etag: '"8QW29MHCPCE6VJCVI3QVXRJAQ"',
260 verbose headers   age: '166',
260 verbose headers   connection: 'keep-alive',
260 verbose headers   'x-served-by': 'cache-ord1720-ORD',
260 verbose headers   'x-cache': 'HIT',
260 verbose headers   'x-cache-hits': '1',
260 verbose headers   'x-timer': 'S1478566100.666621,VS0,VE0',
260 verbose headers   vary: 'Accept-Encoding' }
261 silly get cb [ 304,
261 silly get   { date: 'Tue, 08 Nov 2016 00:48:20 GMT',
261 silly get     via: '1.1 varnish',
261 silly get     'cache-control': 'max-age=300',
261 silly get     etag: '"8QW29MHCPCE6VJCVI3QVXRJAQ"',
261 silly get     age: '166',
261 silly get     connection: 'keep-alive',
261 silly get     'x-served-by': 'cache-ord1720-ORD',
261 silly get     'x-cache': 'HIT',
261 silly get     'x-cache-hits': '1',
261 silly get     'x-timer': 'S1478566100.666621,VS0,VE0',
261 silly get     vary: 'Accept-Encoding' } ]
262 verbose etag https://registry.npmjs.org/bindings from cache
263 verbose get saving bindings to C:\Users\jklei\AppData\Roaming\npm-cache\registry.npmjs.org\bindings\.cache.json
264 verbose correctMkdir C:\Users\jklei\AppData\Roaming\npm-cache correctMkdir not in flight; initializing
265 silly addNameRange number 2 { name: 'bindings', range: '>=1.2.1 <1.3.0', hasData: true }
266 silly addNameRange versions [ 'bindings',
266 silly addNameRange   [ '0.0.1',
266 silly addNameRange     '0.1.0',
266 silly addNameRange     '0.1.1',
266 silly addNameRange     '0.2.0',
266 silly addNameRange     '0.2.1',
266 silly addNameRange     '0.2.2',
266 silly addNameRange     '0.2.3',
266 silly addNameRange     '0.2.4',
266 silly addNameRange     '0.3.0',
266 silly addNameRange     '0.4.0',
266 silly addNameRange     '1.0.0',
266 silly addNameRange     '1.1.0',
266 silly addNameRange     '1.1.1',
266 silly addNameRange     '1.2.0',
266 silly addNameRange     '1.2.1' ] ]
267 silly addNamed bindings@1.2.1
268 verbose addNamed "1.2.1" is a plain semver version for bindings
269 silly cache afterAdd bindings@1.2.1
270 verbose afterAdd C:\Users\jklei\AppData\Roaming\npm-cache\bindings\1.2.1\package\package.json not in flight; writing
271 verbose correctMkdir C:\Users\jklei\AppData\Roaming\npm-cache correctMkdir not in flight; initializing
272 verbose afterAdd C:\Users\jklei\AppData\Roaming\npm-cache\bindings\1.2.1\package\package.json written
273 http 200 https://registry.npmjs.org/nan
274 verbose headers { server: 'CouchDB/1.5.0 (Erlang OTP/R16B03)',
274 verbose headers   etag: '"64LN9YQI6X4XTPFBYZLET8KF2"',
274 verbose headers   'content-type': 'application/json',
274 verbose headers   'content-encoding': 'gzip',
274 verbose headers   'cache-control': 'max-age=300',
274 verbose headers   'content-length': '17191',
274 verbose headers   'accept-ranges': 'bytes',
274 verbose headers   date: 'Tue, 08 Nov 2016 00:48:20 GMT',
274 verbose headers   via: '1.1 varnish',
274 verbose headers   age: '209',
274 verbose headers   connection: 'keep-alive',
274 verbose headers   'x-served-by': 'cache-ord1736-ORD',
274 verbose headers   'x-cache': 'HIT',
274 verbose headers   'x-cache-hits': '3',
274 verbose headers   'x-timer': 'S1478566100.737990,VS0,VE0',
274 verbose headers   vary: 'Accept-Encoding' }
275 silly get cb [ 200,
275 silly get   { server: 'CouchDB/1.5.0 (Erlang OTP/R16B03)',
275 silly get     etag: '"64LN9YQI6X4XTPFBYZLET8KF2"',
275 silly get     'content-type': 'application/json',
275 silly get     'content-encoding': 'gzip',
275 silly get     'cache-control': 'max-age=300',
275 silly get     'content-length': '17191',
275 silly get     'accept-ranges': 'bytes',
275 silly get     date: 'Tue, 08 Nov 2016 00:48:20 GMT',
275 silly get     via: '1.1 varnish',
275 silly get     age: '209',
275 silly get     connection: 'keep-alive',
275 silly get     'x-served-by': 'cache-ord1736-ORD',
275 silly get     'x-cache': 'HIT',
275 silly get     'x-cache-hits': '3',
275 silly get     'x-timer': 'S1478566100.737990,VS0,VE0',
275 silly get     vary: 'Accept-Encoding' } ]
276 verbose get saving nan to C:\Users\jklei\AppData\Roaming\npm-cache\registry.npmjs.org\nan\.cache.json
277 verbose correctMkdir C:\Users\jklei\AppData\Roaming\npm-cache correctMkdir not in flight; initializing
278 silly addNameRange number 2 { name: 'nan', range: '>=2.4.0 <2.5.0', hasData: true }
279 silly addNameRange versions [ 'nan',
279 silly addNameRange   [ '0.3.0-wip',
279 silly addNameRange     '0.3.0-wip2',
279 silly addNameRange     '0.3.0',
279 silly addNameRange     '0.3.1',
279 silly addNameRange     '0.3.2',
279 silly addNameRange     '0.4.0',
279 silly addNameRange     '0.4.1',
279 silly addNameRange     '0.4.2',
279 silly addNameRange     '0.4.3',
279 silly addNameRange     '0.4.4',
279 silly addNameRange     '0.5.0',
279 silly addNameRange     '0.5.1',
279 silly addNameRange     '0.5.2',
279 silly addNameRange     '0.6.0',
279 silly addNameRange     '0.7.0',
279 silly addNameRange     '0.7.1',
279 silly addNameRange     '0.8.0',
279 silly addNameRange     '1.0.0',
279 silly addNameRange     '1.1.0',
279 silly addNameRange     '1.1.1',
279 silly addNameRange     '1.1.2',
279 silly addNameRange     '1.2.0',
279 silly addNameRange     '1.3.0',
279 silly addNameRange     '1.4.0',
279 silly addNameRange     '1.4.1',
279 silly addNameRange     '1.5.0',
279 silly addNameRange     '1.4.2',
279 silly addNameRange     '1.4.3',
279 silly addNameRange     '1.5.1',
279 silly addNameRange     '1.5.2',
279 silly addNameRange     '1.6.0',
279 silly addNameRange     '1.5.3',
279 silly addNameRange     '1.6.1',
279 silly addNameRange     '1.6.2',
279 silly addNameRange     '1.7.0',
279 silly addNameRange     '1.8.0',
279 silly addNameRange     '1.8.1',
279 silly addNameRange     '1.8.2',
279 silly addNameRange     '1.8.3',
279 silly addNameRange     '1.8.4',
279 silly addNameRange     '1.9.0',
279 silly addNameRange     '2.0.0',
279 silly addNameRange     '2.0.1',
279 silly addNameRange     '2.0.2',
279 silly addNameRange     '2.0.3',
279 silly addNameRange     '2.0.4',
279 silly addNameRange     '2.0.5',
279 silly addNameRange     '2.0.6',
279 silly addNameRange     '2.0.7',
279 silly addNameRange     '2.0.8',
279 silly addNameRange     '2.0.9',
279 silly addNameRange     '2.1.0',
279 silly addNameRange     '2.2.0',
279 silly addNameRange     '2.2.1',
279 silly addNameRange     '2.3.0',
279 silly addNameRange     '2.3.1',
279 silly addNameRange     '2.3.2',
279 silly addNameRange     '2.3.3',
279 silly addNameRange     '2.3.4',
279 silly addNameRange     '2.3.5',
279 silly addNameRange     '2.4.0' ] ]
280 silly addNamed nan@2.4.0
281 verbose addNamed "2.4.0" is a plain semver version for nan
282 silly cache afterAdd nan@2.4.0
283 verbose afterAdd C:\Users\jklei\AppData\Roaming\npm-cache\nan\2.4.0\package\package.json not in flight; writing
284 verbose correctMkdir C:\Users\jklei\AppData\Roaming\npm-cache correctMkdir not in flight; initializing
285 verbose afterAdd C:\Users\jklei\AppData\Roaming\npm-cache\nan\2.4.0\package\package.json written
286 silly install resolved [ { name: 'bindings',
286 silly install resolved     description: 'Helper module for loading your native module\'s .node file',
286 silly install resolved     keywords: [ 'native', 'addon', 'bindings', 'gyp', 'waf', 'c', 'c++' ],
286 silly install resolved     version: '1.2.1',
286 silly install resolved     author:
286 silly install resolved      { name: 'Nathan Rajlich',
286 silly install resolved        email: 'nathan@tootallnate.net',
286 silly install resolved        url: 'http://tootallnate.net' },
286 silly install resolved     repository:
286 silly install resolved      { type: 'git',
286 silly install resolved        url: 'git://github.com/TooTallNate/node-bindings.git' },
286 silly install resolved     main: './bindings.js',
286 silly install resolved     bugs: { url: 'https://github.com/TooTallNate/node-bindings/issues' },
286 silly install resolved     homepage: 'https://github.com/TooTallNate/node-bindings',
286 silly install resolved     license: 'MIT',
286 silly install resolved     gitHead: 'e404152ee27f8478ccbc7122ee051246e8e5ec02',
286 silly install resolved     _id: 'bindings@1.2.1',
286 silly install resolved     scripts: {},
286 silly install resolved     _shasum: '14ad6113812d2d37d72e67b4cacb4bb726505f11',
286 silly install resolved     _from: 'bindings@>=1.2.1 <1.3.0',
286 silly install resolved     _npmVersion: '1.4.14',
286 silly install resolved     _npmUser: { name: 'tootallnate', email: 'nathan@tootallnate.net' },
286 silly install resolved     maintainers: [ [Object], [Object] ],
286 silly install resolved     dist:
286 silly install resolved      { shasum: '14ad6113812d2d37d72e67b4cacb4bb726505f11',
286 silly install resolved        tarball: 'https://registry.npmjs.org/bindings/-/bindings-1.2.1.tgz' },
286 silly install resolved     directories: {},
286 silly install resolved     _resolved: 'https://registry.npmjs.org/bindings/-/bindings-1.2.1.tgz',
286 silly install resolved     readme: 'ERROR: No README data found!' },
286 silly install resolved   { name: 'nan',
286 silly install resolved     version: '2.4.0',
286 silly install resolved     description: 'Native Abstractions for Node.js: C++ header for Node 0.8 -> 6 compatibility',
286 silly install resolved     main: 'include_dirs.js',
286 silly install resolved     repository: { type: 'git', url: 'git://github.com/nodejs/nan.git' },
286 silly install resolved     scripts:
286 silly install resolved      { test: 'tap --gc --stderr test/js/*-test.js',
286 silly install resolved        'rebuild-tests': 'node-gyp rebuild --msvs_version=2013 --directory test',
286 silly install resolved        docs: 'doc/.build.sh' },
286 silly install resolved     contributors:
286 silly install resolved      [ [Object],
286 silly install resolved        [Object],
286 silly install resolved        [Object],
286 silly install resolved        [Object],
286 silly install resolved        [Object],
286 silly install resolved        [Object],
286 silly install resolved        [Object] ],
286 silly install resolved     devDependencies:
286 silly install resolved      { bindings: '~1.2.1',
286 silly install resolved        commander: '^2.8.1',
286 silly install resolved        glob: '^5.0.14',
286 silly install resolved        'node-gyp': '~3.0.1',
286 silly install resolved        'readable-stream': '^2.1.4',
286 silly install resolved        tap: '~0.7.1',
286 silly install resolved        xtend: '~4.0.0' },
286 silly install resolved     license: 'MIT',
286 silly install resolved     bugs: { url: 'https://github.com/nodejs/nan/issues' },
286 silly install resolved     homepage: 'https://github.com/nodejs/nan#readme',
286 silly install resolved     _id: 'nan@2.4.0',
286 silly install resolved     _shasum: 'fb3c59d45fe4effe215f0b890f8adf6eb32d2232',
286 silly install resolved     _resolved: 'https://registry.npmjs.org/nan/-/nan-2.4.0.tgz',
286 silly install resolved     _from: 'nan@>=2.4.0 <2.5.0',
286 silly install resolved     _npmVersion: '3.3.6',
286 silly install resolved     _nodeVersion: '5.0.0',
286 silly install resolved     _npmUser: { name: 'kkoopa', email: 'bbyholm@abo.fi' },
286 silly install resolved     dist:
286 silly install resolved      { shasum: 'fb3c59d45fe4effe215f0b890f8adf6eb32d2232',
286 silly install resolved        tarball: 'https://registry.npmjs.org/nan/-/nan-2.4.0.tgz' },
286 silly install resolved     maintainers: [ [Object], [Object] ],
286 silly install resolved     _npmOperationalInternal:
286 silly install resolved      { host: 'packages-16-east.internal.npmjs.com',
286 silly install resolved        tmp: 'tmp/nan-2.4.0.tgz_1468158679820_0.6951719264034182' },
286 silly install resolved     directories: {},
286 silly install resolved     readme: 'ERROR: No README data found!' } ]
287 info install bindings@1.2.1 into C:\Users\jklei\Desktop\robot\node_modules\onoff\node_modules\epoll
288 info install nan@2.4.0 into C:\Users\jklei\Desktop\robot\node_modules\onoff\node_modules\epoll
289 info installOne bindings@1.2.1
290 verbose installOne of bindings to C:\Users\jklei\Desktop\robot\node_modules\onoff\node_modules\epoll not in flight; installing
291 verbose correctMkdir C:\Users\jklei\AppData\Roaming\npm-cache\_locks correctMkdir not in flight; initializing
292 info installOne nan@2.4.0
293 verbose installOne of nan to C:\Users\jklei\Desktop\robot\node_modules\onoff\node_modules\epoll not in flight; installing
294 verbose correctMkdir C:\Users\jklei\AppData\Roaming\npm-cache\_locks correctMkdir not in flight; initializing
295 verbose lock using C:\Users\jklei\AppData\Roaming\npm-cache\_locks\bindings-8ff18fab974d6944.lock for C:\Users\jklei\Desktop\robot\node_modules\onoff\node_modules\epoll\node_modules\bindings
296 verbose lock using C:\Users\jklei\AppData\Roaming\npm-cache\_locks\nan-e58e21d42e1309dc.lock for C:\Users\jklei\Desktop\robot\node_modules\onoff\node_modules\epoll\node_modules\nan
297 silly install write writing bindings 1.2.1 to C:\Users\jklei\Desktop\robot\node_modules\onoff\node_modules\epoll\node_modules\bindings
298 silly install write writing nan 2.4.0 to C:\Users\jklei\Desktop\robot\node_modules\onoff\node_modules\epoll\node_modules\nan
299 verbose unbuild node_modules\onoff\node_modules\epoll\node_modules\bindings
300 verbose unbuild node_modules\onoff\node_modules\epoll\node_modules\nan
301 silly gentlyRm C:\Users\jklei\Desktop\robot\node_modules\onoff\node_modules\epoll\node_modules\bindings is being purged from base C:\Users\jklei\Desktop\robot
302 verbose gentlyRm don't care about contents; nuking C:\Users\jklei\Desktop\robot\node_modules\onoff\node_modules\epoll\node_modules\bindings
303 silly gentlyRm C:\Users\jklei\Desktop\robot\node_modules\onoff\node_modules\epoll\node_modules\nan is being purged from base C:\Users\jklei\Desktop\robot
304 verbose gentlyRm don't care about contents; nuking C:\Users\jklei\Desktop\robot\node_modules\onoff\node_modules\epoll\node_modules\nan
305 verbose tar unpack C:\Users\jklei\AppData\Roaming\npm-cache\bindings\1.2.1\package.tgz
306 verbose tar unpacking to C:\Users\jklei\Desktop\robot\node_modules\onoff\node_modules\epoll\node_modules\bindings
307 silly gentlyRm C:\Users\jklei\Desktop\robot\node_modules\onoff\node_modules\epoll\node_modules\bindings is being purged
308 verbose gentlyRm don't care about contents; nuking C:\Users\jklei\Desktop\robot\node_modules\onoff\node_modules\epoll\node_modules\bindings
309 verbose tar unpack C:\Users\jklei\AppData\Roaming\npm-cache\nan\2.4.0\package.tgz
310 verbose tar unpacking to C:\Users\jklei\Desktop\robot\node_modules\onoff\node_modules\epoll\node_modules\nan
311 silly gentlyRm C:\Users\jklei\Desktop\robot\node_modules\onoff\node_modules\epoll\node_modules\nan is being purged
312 verbose gentlyRm don't care about contents; nuking C:\Users\jklei\Desktop\robot\node_modules\onoff\node_modules\epoll\node_modules\nan
313 silly gunzTarPerm modes [ '777', '666' ]
314 silly gunzTarPerm modes [ '777', '666' ]
315 silly gunzTarPerm extractEntry package.json
316 silly gunzTarPerm modified mode [ 'package.json', 420, 438 ]
317 silly gunzTarPerm extractEntry package.json
318 silly gunzTarPerm modified mode [ 'package.json', 436, 438 ]
319 silly gunzTarPerm extractEntry README.md
320 silly gunzTarPerm modified mode [ 'README.md', 420, 438 ]
321 silly gunzTarPerm extractEntry bindings.js
322 silly gunzTarPerm modified mode [ 'bindings.js', 420, 438 ]
323 silly gunzTarPerm extractEntry README.md
324 silly gunzTarPerm modified mode [ 'README.md', 436, 438 ]
325 silly gunzTarPerm extractEntry include_dirs.js
326 silly gunzTarPerm modified mode [ 'include_dirs.js', 436, 438 ]
327 silly gunzTarPerm extractEntry nan_callbacks_pre_12_inl.h
328 silly gunzTarPerm modified mode [ 'nan_callbacks_pre_12_inl.h', 436, 438 ]
329 silly gunzTarPerm extractEntry CHANGELOG.md
330 silly gunzTarPerm modified mode [ 'CHANGELOG.md', 436, 438 ]
331 silly gunzTarPerm extractEntry LICENSE.md
332 silly gunzTarPerm modified mode [ 'LICENSE.md', 436, 438 ]
333 silly gunzTarPerm extractEntry doc/node_misc.md
334 silly gunzTarPerm modified mode [ 'doc/node_misc.md', 436, 438 ]
335 silly gunzTarPerm extractEntry doc/asyncworker.md
336 silly gunzTarPerm modified mode [ 'doc/asyncworker.md', 436, 438 ]
337 silly gunzTarPerm extractEntry doc/callback.md
338 silly gunzTarPerm modified mode [ 'doc/callback.md', 436, 438 ]
339 silly gunzTarPerm extractEntry doc/converters.md
340 silly gunzTarPerm modified mode [ 'doc/converters.md', 436, 438 ]
341 silly gunzTarPerm extractEntry doc/errors.md
342 silly gunzTarPerm modified mode [ 'doc/errors.md', 436, 438 ]
343 silly gunzTarPerm extractEntry doc/maybe_types.md
344 silly gunzTarPerm modified mode [ 'doc/maybe_types.md', 436, 438 ]
345 silly gunzTarPerm extractEntry doc/methods.md
346 silly gunzTarPerm modified mode [ 'doc/methods.md', 436, 438 ]
347 verbose write writing to C:\Users\jklei\Desktop\robot\node_modules\onoff\node_modules\epoll\node_modules\bindings\package.json
348 info preinstall bindings@1.2.1
349 silly gunzTarPerm extractEntry doc/new.md
350 silly gunzTarPerm modified mode [ 'doc/new.md', 436, 438 ]
351 silly gunzTarPerm extractEntry doc/buffers.md
352 silly gunzTarPerm modified mode [ 'doc/buffers.md', 436, 438 ]
353 verbose readDependencies loading dependencies from C:\Users\jklei\Desktop\robot\node_modules\onoff\node_modules\epoll\node_modules\bindings\package.json
354 verbose readDependencies loading dependencies from C:\Users\jklei\Desktop\robot\node_modules\onoff\node_modules\epoll\node_modules\bindings\package.json
355 silly install resolved []
356 verbose about to build C:\Users\jklei\Desktop\robot\node_modules\onoff\node_modules\epoll\node_modules\bindings
357 info build C:\Users\jklei\Desktop\robot\node_modules\onoff\node_modules\epoll\node_modules\bindings
358 info linkStuff bindings@1.2.1
359 silly linkStuff bindings@1.2.1 has C:\Users\jklei\Desktop\robot\node_modules\onoff\node_modules\epoll\node_modules as its parent node_modules
360 silly gunzTarPerm extractEntry doc/object_wrappers.md
361 silly gunzTarPerm modified mode [ 'doc/object_wrappers.md', 436, 438 ]
362 silly gunzTarPerm extractEntry doc/persistent.md
363 silly gunzTarPerm modified mode [ 'doc/persistent.md', 436, 438 ]
364 verbose linkBins bindings@1.2.1
365 verbose linkMans bindings@1.2.1
366 verbose rebuildBundles bindings@1.2.1
367 info install bindings@1.2.1
368 info postinstall bindings@1.2.1
369 verbose unlock done using C:\Users\jklei\AppData\Roaming\npm-cache\_locks\bindings-8ff18fab974d6944.lock for C:\Users\jklei\Desktop\robot\node_modules\onoff\node_modules\epoll\node_modules\bindings
370 silly gunzTarPerm extractEntry doc/scopes.md
371 silly gunzTarPerm modified mode [ 'doc/scopes.md', 436, 438 ]
372 silly gunzTarPerm extractEntry doc/script.md
373 silly gunzTarPerm modified mode [ 'doc/script.md', 436, 438 ]
374 silly gunzTarPerm extractEntry doc/string_bytes.md
375 silly gunzTarPerm modified mode [ 'doc/string_bytes.md', 436, 438 ]
376 silly gunzTarPerm extractEntry doc/v8_internals.md
377 silly gunzTarPerm modified mode [ 'doc/v8_internals.md', 436, 438 ]
378 silly gunzTarPerm extractEntry doc/v8_misc.md
379 silly gunzTarPerm modified mode [ 'doc/v8_misc.md', 436, 438 ]
380 silly gunzTarPerm extractEntry nan.h
381 silly gunzTarPerm modified mode [ 'nan.h', 436, 438 ]
382 silly gunzTarPerm extractEntry nan_callbacks.h
383 silly gunzTarPerm modified mode [ 'nan_callbacks.h', 436, 438 ]
384 silly gunzTarPerm extractEntry nan_callbacks_12_inl.h
385 silly gunzTarPerm modified mode [ 'nan_callbacks_12_inl.h', 436, 438 ]
386 silly gunzTarPerm extractEntry nan_converters.h
387 silly gunzTarPerm modified mode [ 'nan_converters.h', 436, 438 ]
388 silly gunzTarPerm extractEntry nan_converters_43_inl.h
389 silly gunzTarPerm modified mode [ 'nan_converters_43_inl.h', 436, 438 ]
390 silly gunzTarPerm extractEntry nan_converters_pre_43_inl.h
391 silly gunzTarPerm modified mode [ 'nan_converters_pre_43_inl.h', 436, 438 ]
392 silly gunzTarPerm extractEntry nan_implementation_12_inl.h
393 silly gunzTarPerm modified mode [ 'nan_implementation_12_inl.h', 436, 438 ]
394 silly gunzTarPerm extractEntry nan_implementation_pre_12_inl.h
395 silly gunzTarPerm modified mode [ 'nan_implementation_pre_12_inl.h', 436, 438 ]
396 silly gunzTarPerm extractEntry nan_maybe_43_inl.h
397 silly gunzTarPerm modified mode [ 'nan_maybe_43_inl.h', 436, 438 ]
398 silly gunzTarPerm extractEntry nan_maybe_pre_43_inl.h
399 silly gunzTarPerm modified mode [ 'nan_maybe_pre_43_inl.h', 436, 438 ]
400 silly gunzTarPerm extractEntry nan_new.h
401 silly gunzTarPerm modified mode [ 'nan_new.h', 436, 438 ]
402 silly gunzTarPerm extractEntry nan_object_wrap.h
403 silly gunzTarPerm modified mode [ 'nan_object_wrap.h', 436, 438 ]
404 silly gunzTarPerm extractEntry nan_persistent_12_inl.h
405 silly gunzTarPerm modified mode [ 'nan_persistent_12_inl.h', 436, 438 ]
406 silly gunzTarPerm extractEntry nan_persistent_pre_12_inl.h
407 silly gunzTarPerm modified mode [ 'nan_persistent_pre_12_inl.h', 436, 438 ]
408 silly gunzTarPerm extractEntry nan_string_bytes.h
409 silly gunzTarPerm modified mode [ 'nan_string_bytes.h', 436, 438 ]
410 silly gunzTarPerm extractEntry nan_typedarray_contents.h
411 silly gunzTarPerm modified mode [ 'nan_typedarray_contents.h', 436, 438 ]
412 silly gunzTarPerm extractEntry nan_weak.h
413 silly gunzTarPerm modified mode [ 'nan_weak.h', 436, 438 ]
414 silly gunzTarPerm extractEntry tools/package.json
415 silly gunzTarPerm modified mode [ 'tools/package.json', 436, 438 ]
416 silly gunzTarPerm extractEntry tools/README.md
417 silly gunzTarPerm modified mode [ 'tools/README.md', 436, 438 ]
418 silly gunzTarPerm extractEntry tools/1to2.js
419 silly gunzTarPerm modified mode [ 'tools/1to2.js', 509, 511 ]
420 verbose write writing to C:\Users\jklei\Desktop\robot\node_modules\onoff\node_modules\epoll\node_modules\nan\package.json
421 info preinstall nan@2.4.0
422 verbose readDependencies loading dependencies from C:\Users\jklei\Desktop\robot\node_modules\onoff\node_modules\epoll\node_modules\nan\package.json
423 verbose readDependencies loading dependencies from C:\Users\jklei\Desktop\robot\node_modules\onoff\node_modules\epoll\node_modules\nan\package.json
424 silly install resolved []
425 verbose about to build C:\Users\jklei\Desktop\robot\node_modules\onoff\node_modules\epoll\node_modules\nan
426 info build C:\Users\jklei\Desktop\robot\node_modules\onoff\node_modules\epoll\node_modules\nan
427 info linkStuff nan@2.4.0
428 silly linkStuff nan@2.4.0 has C:\Users\jklei\Desktop\robot\node_modules\onoff\node_modules\epoll\node_modules as its parent node_modules
429 verbose linkBins nan@2.4.0
430 verbose linkMans nan@2.4.0
431 verbose rebuildBundles nan@2.4.0
432 info install nan@2.4.0
433 info postinstall nan@2.4.0
434 verbose unlock done using C:\Users\jklei\AppData\Roaming\npm-cache\_locks\nan-e58e21d42e1309dc.lock for C:\Users\jklei\Desktop\robot\node_modules\onoff\node_modules\epoll\node_modules\nan
435 verbose about to build C:\Users\jklei\Desktop\robot\node_modules\onoff\node_modules\epoll
436 info build C:\Users\jklei\Desktop\robot\node_modules\onoff\node_modules\epoll
437 info linkStuff epoll@0.1.20
438 silly linkStuff epoll@0.1.20 has C:\Users\jklei\Desktop\robot\node_modules\onoff\node_modules as its parent node_modules
439 verbose linkBins epoll@0.1.20
440 verbose linkMans epoll@0.1.20
441 verbose rebuildBundles epoll@0.1.20
442 verbose rebuildBundles [ 'bindings', 'nan' ]
443 info install epoll@0.1.20
444 verbose unsafe-perm in lifecycle true
445 info epoll@0.1.20 Failed to exec install script
446 verbose unlock done using C:\Users\jklei\AppData\Roaming\npm-cache\_locks\epoll-9b6d0f9425acf1d9.lock for C:\Users\jklei\Desktop\robot\node_modules\onoff\node_modules\epoll
447 verbose about to build C:\Users\jklei\Desktop\robot\node_modules\onoff
448 verbose unlock done using C:\Users\jklei\AppData\Roaming\npm-cache\_locks\onoff-0b1d809905bfb234.lock for C:\Users\jklei\Desktop\robot\node_modules\onoff
449 verbose stack Error: epoll@0.1.20 install: `node-gyp rebuild`
449 verbose stack Exit status 1
449 verbose stack     at EventEmitter.<anonymous> (c:\Program Files\nodejs\node_modules\npm\lib\utils\lifecycle.js:217:16)
449 verbose stack     at emitTwo (events.js:87:13)
449 verbose stack     at EventEmitter.emit (events.js:172:7)
449 verbose stack     at ChildProcess.<anonymous> (c:\Program Files\nodejs\node_modules\npm\lib\utils\spawn.js:24:14)
449 verbose stack     at emitTwo (events.js:87:13)
449 verbose stack     at ChildProcess.emit (events.js:172:7)
449 verbose stack     at maybeClose (internal/child_process.js:829:16)
449 verbose stack     at Process.ChildProcess._handle.onexit (internal/child_process.js:211:5)
450 verbose pkgid epoll@0.1.20
451 verbose cwd C:\Users\jklei\Desktop\robot
452 error Windows_NT 10.0.14393
453 error argv "c:\\Program Files\\nodejs\\node.exe" "c:\\Program Files\\nodejs\\node_modules\\npm\\bin\\npm-cli.js" "install" "onoff"
454 error node v4.6.1
455 error npm  v2.15.9
456 error code ELIFECYCLE
457 error epoll@0.1.20 install: `node-gyp rebuild`
457 error Exit status 1
458 error Failed at the epoll@0.1.20 install script 'node-gyp rebuild'.
458 error This is most likely a problem with the epoll package,
458 error not with npm itself.
458 error Tell the author that this fails on your system:
458 error     node-gyp rebuild
458 error You can get information on how to open an issue for this project with:
458 error     npm bugs epoll
458 error Or if that isn't available, you can get their info via:
458 error
458 error     npm owner ls epoll
458 error There is likely additional logging output above.
459 verbose exit [ 1, true ]
460 verbose unbuild node_modules\onoff\node_modules\epoll
461 info preuninstall epoll@0.1.20
462 info uninstall epoll@0.1.20
463 verbose unbuild rmStuff epoll@0.1.20 from C:\Users\jklei\Desktop\robot\node_modules
464 verbose unbuild rmStuff in C:\Users\jklei\Desktop\robot\node_modules\onoff\node_modules
465 info postuninstall epoll@0.1.20
466 silly gentlyRm C:\Users\jklei\Desktop\robot\node_modules\onoff\node_modules\epoll is being purged from base C:\Users\jklei\Desktop\robot
467 verbose gentlyRm don't care about contents; nuking C:\Users\jklei\Desktop\robot\node_modules\onoff\node_modules\epoll
468 silly vacuum-fs purging C:\Users\jklei\Desktop\robot\node_modules\onoff\node_modules\epoll
469 silly vacuum-fs removing C:\Users\jklei\Desktop\robot\node_modules\onoff\node_modules
470 silly vacuum-fs quitting because other entries in C:\Users\jklei\Desktop\robot\node_modules\onoff
471 verbose unbuild node_modules\onoff
472 info preuninstall onoff@1.1.1
473 info uninstall onoff@1.1.1
474 verbose unbuild rmStuff onoff@1.1.1 from C:\Users\jklei\Desktop\robot\node_modules
475 info postuninstall onoff@1.1.1
476 silly gentlyRm C:\Users\jklei\Desktop\robot\node_modules\onoff is being purged from base C:\Users\jklei\Desktop\robot
477 verbose gentlyRm don't care about contents; nuking C:\Users\jklei\Desktop\robot\node_modules\onoff
478 silly vacuum-fs purging C:\Users\jklei\Desktop\robot\node_modules\onoff
479 silly vacuum-fs quitting because other entries in C:\Users\jklei\Desktop\robot\node_modules
