0 info it worked if it ends with ok
1 verbose cli [ 'c:\\Program Files\\nodejs\\node.exe',
1 verbose cli   'c:\\Program Files\\nodejs\\node_modules\\npm\\bin\\npm-cli.js',
1 verbose cli   'install',
1 verbose cli   'mmap-io' ]
2 info using npm@2.15.9
3 info using node@v4.6.1
4 verbose install initial load of c:\Users\jklei\Desktop\robot\Robot_Code\package.json
5 verbose installManyTop reading scoped package data from c:\Users\jklei\Desktop\robot\Robot_Code\node_modules\async\package.json
6 verbose installManyTop reading scoped package data from c:\Users\jklei\Desktop\robot\Robot_Code\node_modules\js-combinatorics\package.json
7 info package.json js-combinatorics@0.5.2 license should be a valid SPDX license expression
8 verbose readDependencies loading dependencies from c:\Users\jklei\Desktop\robot\Robot_Code\package.json
9 silly cache add args [ 'mmap-io', null ]
10 verbose cache add spec mmap-io
11 silly cache add parsed spec Result {
11 silly cache add   raw: 'mmap-io',
11 silly cache add   scope: null,
11 silly cache add   name: 'mmap-io',
11 silly cache add   rawSpec: '',
11 silly cache add   spec: 'latest',
11 silly cache add   type: 'tag' }
12 silly addNamed mmap-io@latest
13 verbose addNamed "latest" is being treated as a dist-tag for mmap-io
14 info addNameTag [ 'mmap-io', 'latest' ]
15 silly mapToRegistry name mmap-io
16 silly mapToRegistry using default registry
17 silly mapToRegistry registry https://registry.npmjs.org/
18 silly mapToRegistry data Result {
18 silly mapToRegistry   raw: 'mmap-io',
18 silly mapToRegistry   scope: null,
18 silly mapToRegistry   name: 'mmap-io',
18 silly mapToRegistry   rawSpec: '',
18 silly mapToRegistry   spec: 'latest',
18 silly mapToRegistry   type: 'tag' }
19 silly mapToRegistry uri https://registry.npmjs.org/mmap-io
20 verbose addNameTag registry:https://registry.npmjs.org/mmap-io not in flight; fetching
21 verbose request uri https://registry.npmjs.org/mmap-io
22 verbose request no auth needed
23 info attempt registry request try #1 at 3:51:21 PM
24 verbose request id f35695ee70cb4a23
25 http request GET https://registry.npmjs.org/mmap-io
26 http 200 https://registry.npmjs.org/mmap-io
27 verbose headers { server: 'nginx/1.10.1',
27 verbose headers   'content-type': 'application/json',
27 verbose headers   'last-modified': 'Thu, 21 Jul 2016 21:56:20 GMT',
27 verbose headers   etag: 'W/"57914504-51d6"',
27 verbose headers   'content-encoding': 'gzip',
27 verbose headers   'cache-control': 'max-age=300',
27 verbose headers   'content-length': '4976',
27 verbose headers   'accept-ranges': 'bytes',
27 verbose headers   date: 'Tue, 06 Dec 2016 21:51:25 GMT',
27 verbose headers   via: '1.1 varnish',
27 verbose headers   age: '0',
27 verbose headers   connection: 'keep-alive',
27 verbose headers   'x-served-by': 'cache-ord1736-ORD',
27 verbose headers   'x-cache': 'MISS',
27 verbose headers   'x-cache-hits': '0',
27 verbose headers   'x-timer': 'S1481061085.195087,VS0,VE29',
27 verbose headers   vary: 'Accept-Encoding' }
28 silly get cb [ 200,
28 silly get   { server: 'nginx/1.10.1',
28 silly get     'content-type': 'application/json',
28 silly get     'last-modified': 'Thu, 21 Jul 2016 21:56:20 GMT',
28 silly get     etag: 'W/"57914504-51d6"',
28 silly get     'content-encoding': 'gzip',
28 silly get     'cache-control': 'max-age=300',
28 silly get     'content-length': '4976',
28 silly get     'accept-ranges': 'bytes',
28 silly get     date: 'Tue, 06 Dec 2016 21:51:25 GMT',
28 silly get     via: '1.1 varnish',
28 silly get     age: '0',
28 silly get     connection: 'keep-alive',
28 silly get     'x-served-by': 'cache-ord1736-ORD',
28 silly get     'x-cache': 'MISS',
28 silly get     'x-cache-hits': '0',
28 silly get     'x-timer': 'S1481061085.195087,VS0,VE29',
28 silly get     vary: 'Accept-Encoding' } ]
29 verbose get saving mmap-io to C:\Users\jklei\AppData\Roaming\npm-cache\registry.npmjs.org\mmap-io\.cache.json
30 verbose correctMkdir C:\Users\jklei\AppData\Roaming\npm-cache correctMkdir not in flight; initializing
31 silly addNameTag next cb for mmap-io with tag latest
32 silly addNamed mmap-io@0.10.1
33 verbose addNamed "0.10.1" is a plain semver version for mmap-io
34 silly mapToRegistry name mmap-io
35 silly mapToRegistry using default registry
36 silly mapToRegistry registry https://registry.npmjs.org/
37 silly mapToRegistry data Result {
37 silly mapToRegistry   raw: 'mmap-io',
37 silly mapToRegistry   scope: null,
37 silly mapToRegistry   name: 'mmap-io',
37 silly mapToRegistry   rawSpec: '',
37 silly mapToRegistry   spec: 'latest',
37 silly mapToRegistry   type: 'tag' }
38 silly mapToRegistry uri https://registry.npmjs.org/mmap-io
39 verbose addRemoteTarball https://registry.npmjs.org/mmap-io/-/mmap-io-0.10.1.tgz not in flight; adding
40 verbose addRemoteTarball [ 'https://registry.npmjs.org/mmap-io/-/mmap-io-0.10.1.tgz',
40 verbose addRemoteTarball   '5d6a79164171f603b4697877da0842b627249e0b' ]
41 info retry fetch attempt 1 at 3:51:21 PM
42 info attempt registry request try #1 at 3:51:21 PM
43 http fetch GET https://registry.npmjs.org/mmap-io/-/mmap-io-0.10.1.tgz
44 http fetch 200 https://registry.npmjs.org/mmap-io/-/mmap-io-0.10.1.tgz
45 silly fetchAndShaCheck shasum 5d6a79164171f603b4697877da0842b627249e0b
46 verbose addTmpTarball C:\Users\jklei\AppData\Local\Temp\npm-12196-17ccabe8\registry.npmjs.org\mmap-io\-\mmap-io-0.10.1.tgz not in flight; adding
47 verbose addTmpTarball already have metadata; skipping unpack for mmap-io@0.10.1
48 verbose correctMkdir C:\Users\jklei\AppData\Roaming\npm-cache correctMkdir not in flight; initializing
49 silly cache afterAdd mmap-io@0.10.1
50 verbose afterAdd C:\Users\jklei\AppData\Roaming\npm-cache\mmap-io\0.10.1\package\package.json not in flight; writing
51 verbose correctMkdir C:\Users\jklei\AppData\Roaming\npm-cache correctMkdir not in flight; initializing
52 verbose afterAdd C:\Users\jklei\AppData\Roaming\npm-cache\mmap-io\0.10.1\package\package.json written
53 silly install resolved [ { name: 'mmap-io',
53 silly install resolved     version: '0.10.1',
53 silly install resolved     license: 'MIT',
53 silly install resolved     author:
53 silly install resolved      { name: 'Oscar Campbell',
53 silly install resolved        email: 'oscar@campbell.nu',
53 silly install resolved        url: 'https://github.com/ozra' },
53 silly install resolved     description: 'io.js/node.js mmap bindings revisited.',
53 silly install resolved     homepage: 'https://github.com/ozra/mmap-io',
53 silly install resolved     keywords:
53 silly install resolved      [ 'low level',
53 silly install resolved        'file',
53 silly install resolved        'memory mapped',
53 silly install resolved        'mmap',
53 silly install resolved        'advise',
53 silly install resolved        'sync',
53 silly install resolved        'shared memory',
53 silly install resolved        'C++',
53 silly install resolved        'performance' ],
53 silly install resolved     repository: { type: 'git', url: 'git+https://github.com/ozra/mmap-io.git' },
53 silly install resolved     bugs: { url: 'http://github.com/ozra/mmap-io/issues' },
53 silly install resolved     scripts:
53 silly install resolved      { prepublish: 'make ls',
53 silly install resolved        install: 'node-gyp configure && node-gyp rebuild',
53 silly install resolved        test: 'node ./test.js' },
53 silly install resolved     devDependencies: { errno: '*', LiveScript: '1.*.*' },
53 silly install resolved     dependencies: { bindings: '1.*.*', nan: '2.*.*' },
53 silly install resolved     main: 'mmap-io',
53 silly install resolved     engines: { node: '>=0.10.0' },
53 silly install resolved     gitHead: 'efbf61dbaa124e025ab65dd6adf3d221b70b901d',
53 silly install resolved     _id: 'mmap-io@0.10.1',
53 silly install resolved     _shasum: '5d6a79164171f603b4697877da0842b627249e0b',
53 silly install resolved     _from: 'mmap-io@latest',
53 silly install resolved     _npmVersion: '3.9.2',
53 silly install resolved     _nodeVersion: '4.4.5',
53 silly install resolved     _npmUser: { name: 'ozra', email: 'oscar@campbell.nu' },
53 silly install resolved     dist:
53 silly install resolved      { shasum: '5d6a79164171f603b4697877da0842b627249e0b',
53 silly install resolved        tarball: 'https://registry.npmjs.org/mmap-io/-/mmap-io-0.10.1.tgz' },
53 silly install resolved     maintainers: [ [Object] ],
53 silly install resolved     _npmOperationalInternal:
53 silly install resolved      { host: 'packages-16-east.internal.npmjs.com',
53 silly install resolved        tmp: 'tmp/mmap-io-0.10.1.tgz_1469138178784_0.7469256052281708' },
53 silly install resolved     directories: {},
53 silly install resolved     _resolved: 'https://registry.npmjs.org/mmap-io/-/mmap-io-0.10.1.tgz' } ]
54 info install mmap-io@0.10.1 into c:\Users\jklei\Desktop\robot\Robot_Code
55 info installOne mmap-io@0.10.1
56 verbose installOne of mmap-io to c:\Users\jklei\Desktop\robot\Robot_Code not in flight; installing
57 verbose correctMkdir C:\Users\jklei\AppData\Roaming\npm-cache\_locks correctMkdir not in flight; initializing
58 verbose lock using C:\Users\jklei\AppData\Roaming\npm-cache\_locks\mmap-io-5de0c48f59a1dcd4.lock for c:\Users\jklei\Desktop\robot\Robot_Code\node_modules\mmap-io
59 silly install write writing mmap-io 0.10.1 to c:\Users\jklei\Desktop\robot\Robot_Code\node_modules\mmap-io
60 verbose unbuild node_modules\mmap-io
61 silly gentlyRm c:\Users\jklei\Desktop\robot\Robot_Code\node_modules\mmap-io is being purged from base c:\Users\jklei\Desktop\robot\Robot_Code
62 verbose gentlyRm don't care about contents; nuking c:\Users\jklei\Desktop\robot\Robot_Code\node_modules\mmap-io
63 verbose tar unpack C:\Users\jklei\AppData\Roaming\npm-cache\mmap-io\0.10.1\package.tgz
64 verbose tar unpacking to c:\Users\jklei\Desktop\robot\Robot_Code\node_modules\mmap-io
65 silly gentlyRm c:\Users\jklei\Desktop\robot\Robot_Code\node_modules\mmap-io is being purged
66 verbose gentlyRm don't care about contents; nuking c:\Users\jklei\Desktop\robot\Robot_Code\node_modules\mmap-io
67 silly gunzTarPerm modes [ '777', '666' ]
68 silly gunzTarPerm extractEntry package.json
69 silly gunzTarPerm modified mode [ 'package.json', 436, 438 ]
70 silly gunzTarPerm extractEntry .npmignore
71 silly gunzTarPerm modified mode [ '.npmignore', 436, 438 ]
72 silly gunzTarPerm extractEntry README.md
73 silly gunzTarPerm modified mode [ 'README.md', 436, 438 ]
74 silly gunzTarPerm extractEntry LICENSE
75 silly gunzTarPerm modified mode [ 'LICENSE', 436, 438 ]
76 silly gunzTarPerm extractEntry test.js
77 silly gunzTarPerm modified mode [ 'test.js', 436, 438 ]
78 silly gunzTarPerm extractEntry mmap-io.js
79 silly gunzTarPerm modified mode [ 'mmap-io.js', 436, 438 ]
80 silly gunzTarPerm extractEntry Makefile
81 silly gunzTarPerm modified mode [ 'Makefile', 436, 438 ]
82 silly gunzTarPerm extractEntry src/mman.h
83 silly gunzTarPerm modified mode [ 'src/mman.h', 436, 438 ]
84 silly gunzTarPerm extractEntry src/mmap-io.cc
85 silly gunzTarPerm modified mode [ 'src/mmap-io.cc', 436, 438 ]
86 silly gunzTarPerm extractEntry src/mmap-io.ls
87 silly gunzTarPerm modified mode [ 'src/mmap-io.ls', 436, 438 ]
88 silly gunzTarPerm extractEntry src/test.ls
89 silly gunzTarPerm modified mode [ 'src/test.ls', 436, 438 ]
90 silly gunzTarPerm extractEntry .travis.yml
91 silly gunzTarPerm modified mode [ '.travis.yml', 436, 438 ]
92 silly gunzTarPerm extractEntry binding.gyp
93 silly gunzTarPerm modified mode [ 'binding.gyp', 436, 438 ]
94 verbose write writing to c:\Users\jklei\Desktop\robot\Robot_Code\node_modules\mmap-io\package.json
95 info preinstall mmap-io@0.10.1
96 verbose readDependencies loading dependencies from c:\Users\jklei\Desktop\robot\Robot_Code\node_modules\mmap-io\package.json
97 silly prepareForInstallMany adding bindings@1.*.* from mmap-io dependencies
98 silly prepareForInstallMany adding nan@2.*.* from mmap-io dependencies
99 verbose readDependencies loading dependencies from c:\Users\jklei\Desktop\robot\Robot_Code\node_modules\mmap-io\package.json
100 silly cache add args [ 'bindings@1.*.*', null ]
101 verbose cache add spec bindings@1.*.*
102 silly cache add args [ 'nan@2.*.*', null ]
103 verbose cache add spec nan@2.*.*
104 silly cache add parsed spec Result {
104 silly cache add   raw: 'bindings@1.*.*',
104 silly cache add   scope: null,
104 silly cache add   name: 'bindings',
104 silly cache add   rawSpec: '1.*.*',
104 silly cache add   spec: '>=1.0.0 <2.0.0',
104 silly cache add   type: 'range' }
105 silly addNamed bindings@>=1.0.0 <2.0.0
106 verbose addNamed ">=1.0.0 <2.0.0" is a valid semver range for bindings
107 silly addNameRange { name: 'bindings', range: '>=1.0.0 <2.0.0', hasData: false }
108 silly mapToRegistry name bindings
109 silly mapToRegistry using default registry
110 silly mapToRegistry registry https://registry.npmjs.org/
111 silly mapToRegistry data Result {
111 silly mapToRegistry   raw: 'bindings',
111 silly mapToRegistry   scope: null,
111 silly mapToRegistry   name: 'bindings',
111 silly mapToRegistry   rawSpec: '',
111 silly mapToRegistry   spec: 'latest',
111 silly mapToRegistry   type: 'tag' }
112 silly mapToRegistry uri https://registry.npmjs.org/bindings
113 verbose addNameRange registry:https://registry.npmjs.org/bindings not in flight; fetching
114 silly cache add parsed spec Result {
114 silly cache add   raw: 'nan@2.*.*',
114 silly cache add   scope: null,
114 silly cache add   name: 'nan',
114 silly cache add   rawSpec: '2.*.*',
114 silly cache add   spec: '>=2.0.0 <3.0.0',
114 silly cache add   type: 'range' }
115 silly addNamed nan@>=2.0.0 <3.0.0
116 verbose addNamed ">=2.0.0 <3.0.0" is a valid semver range for nan
117 silly addNameRange { name: 'nan', range: '>=2.0.0 <3.0.0', hasData: false }
118 silly mapToRegistry name nan
119 silly mapToRegistry using default registry
120 silly mapToRegistry registry https://registry.npmjs.org/
121 silly mapToRegistry data Result {
121 silly mapToRegistry   raw: 'nan',
121 silly mapToRegistry   scope: null,
121 silly mapToRegistry   name: 'nan',
121 silly mapToRegistry   rawSpec: '',
121 silly mapToRegistry   spec: 'latest',
121 silly mapToRegistry   type: 'tag' }
122 silly mapToRegistry uri https://registry.npmjs.org/nan
123 verbose addNameRange registry:https://registry.npmjs.org/nan not in flight; fetching
124 verbose request uri https://registry.npmjs.org/bindings
125 verbose request no auth needed
126 info attempt registry request try #1 at 3:51:21 PM
127 verbose etag W/"580645d3-46f7"
128 verbose lastModified Tue, 18 Oct 2016 15:54:59 GMT
129 http request GET https://registry.npmjs.org/bindings
130 verbose request uri https://registry.npmjs.org/nan
131 verbose request no auth needed
132 info attempt registry request try #1 at 3:51:21 PM
133 verbose etag W/"5818d749-1ce1e"
134 verbose lastModified Tue, 01 Nov 2016 17:56:25 GMT
135 http request GET https://registry.npmjs.org/nan
136 http 304 https://registry.npmjs.org/bindings
137 verbose headers { date: 'Tue, 06 Dec 2016 21:51:25 GMT',
137 verbose headers   via: '1.1 varnish',
137 verbose headers   'cache-control': 'max-age=300',
137 verbose headers   etag: 'W/"580645d3-46f7"',
137 verbose headers   age: '76',
137 verbose headers   connection: 'keep-alive',
137 verbose headers   'x-served-by': 'cache-ord1736-ORD',
137 verbose headers   'x-cache': 'HIT',
137 verbose headers   'x-cache-hits': '1',
137 verbose headers   'x-timer': 'S1481061085.620692,VS0,VE0',
137 verbose headers   vary: 'Accept-Encoding' }
138 silly get cb [ 304,
138 silly get   { date: 'Tue, 06 Dec 2016 21:51:25 GMT',
138 silly get     via: '1.1 varnish',
138 silly get     'cache-control': 'max-age=300',
138 silly get     etag: 'W/"580645d3-46f7"',
138 silly get     age: '76',
138 silly get     connection: 'keep-alive',
138 silly get     'x-served-by': 'cache-ord1736-ORD',
138 silly get     'x-cache': 'HIT',
138 silly get     'x-cache-hits': '1',
138 silly get     'x-timer': 'S1481061085.620692,VS0,VE0',
138 silly get     vary: 'Accept-Encoding' } ]
139 verbose etag https://registry.npmjs.org/bindings from cache
140 verbose get saving bindings to C:\Users\jklei\AppData\Roaming\npm-cache\registry.npmjs.org\bindings\.cache.json
141 verbose correctMkdir C:\Users\jklei\AppData\Roaming\npm-cache correctMkdir not in flight; initializing
142 silly addNameRange number 2 { name: 'bindings', range: '>=1.0.0 <2.0.0', hasData: true }
143 silly addNameRange versions [ 'bindings',
143 silly addNameRange   [ '0.0.1',
143 silly addNameRange     '0.1.0',
143 silly addNameRange     '0.1.1',
143 silly addNameRange     '0.2.0',
143 silly addNameRange     '0.2.1',
143 silly addNameRange     '0.2.2',
143 silly addNameRange     '0.2.3',
143 silly addNameRange     '0.2.4',
143 silly addNameRange     '0.3.0',
143 silly addNameRange     '0.4.0',
143 silly addNameRange     '1.0.0',
143 silly addNameRange     '1.1.0',
143 silly addNameRange     '1.1.1',
143 silly addNameRange     '1.2.0',
143 silly addNameRange     '1.2.1' ] ]
144 silly addNamed bindings@1.2.1
145 verbose addNamed "1.2.1" is a plain semver version for bindings
146 silly cache afterAdd bindings@1.2.1
147 verbose afterAdd C:\Users\jklei\AppData\Roaming\npm-cache\bindings\1.2.1\package\package.json not in flight; writing
148 verbose correctMkdir C:\Users\jklei\AppData\Roaming\npm-cache correctMkdir not in flight; initializing
149 verbose afterAdd C:\Users\jklei\AppData\Roaming\npm-cache\bindings\1.2.1\package\package.json written
150 http 200 https://registry.npmjs.org/nan
151 verbose headers { server: 'nginx/1.10.1',
151 verbose headers   'content-type': 'application/json',
151 verbose headers   'last-modified': 'Sat, 03 Dec 2016 10:10:15 GMT',
151 verbose headers   etag: 'W/"58429a07-1ce2d"',
151 verbose headers   'content-encoding': 'gzip',
151 verbose headers   'cache-control': 'max-age=300',
151 verbose headers   'content-length': '14068',
151 verbose headers   'accept-ranges': 'bytes',
151 verbose headers   date: 'Tue, 06 Dec 2016 21:51:25 GMT',
151 verbose headers   via: '1.1 varnish',
151 verbose headers   age: '61',
151 verbose headers   connection: 'keep-alive',
151 verbose headers   'x-served-by': 'cache-ord1724-ORD',
151 verbose headers   'x-cache': 'HIT',
151 verbose headers   'x-cache-hits': '3',
151 verbose headers   'x-timer': 'S1481061085.690527,VS0,VE0',
151 verbose headers   vary: 'Accept-Encoding' }
152 silly get cb [ 200,
152 silly get   { server: 'nginx/1.10.1',
152 silly get     'content-type': 'application/json',
152 silly get     'last-modified': 'Sat, 03 Dec 2016 10:10:15 GMT',
152 silly get     etag: 'W/"58429a07-1ce2d"',
152 silly get     'content-encoding': 'gzip',
152 silly get     'cache-control': 'max-age=300',
152 silly get     'content-length': '14068',
152 silly get     'accept-ranges': 'bytes',
152 silly get     date: 'Tue, 06 Dec 2016 21:51:25 GMT',
152 silly get     via: '1.1 varnish',
152 silly get     age: '61',
152 silly get     connection: 'keep-alive',
152 silly get     'x-served-by': 'cache-ord1724-ORD',
152 silly get     'x-cache': 'HIT',
152 silly get     'x-cache-hits': '3',
152 silly get     'x-timer': 'S1481061085.690527,VS0,VE0',
152 silly get     vary: 'Accept-Encoding' } ]
153 verbose get saving nan to C:\Users\jklei\AppData\Roaming\npm-cache\registry.npmjs.org\nan\.cache.json
154 verbose correctMkdir C:\Users\jklei\AppData\Roaming\npm-cache correctMkdir not in flight; initializing
155 silly addNameRange number 2 { name: 'nan', range: '>=2.0.0 <3.0.0', hasData: true }
156 silly addNameRange versions [ 'nan',
156 silly addNameRange   [ '0.3.0-wip',
156 silly addNameRange     '0.3.0-wip2',
156 silly addNameRange     '0.3.0',
156 silly addNameRange     '0.3.1',
156 silly addNameRange     '0.3.2',
156 silly addNameRange     '0.4.0',
156 silly addNameRange     '0.4.1',
156 silly addNameRange     '0.4.2',
156 silly addNameRange     '0.4.3',
156 silly addNameRange     '0.4.4',
156 silly addNameRange     '0.5.0',
156 silly addNameRange     '0.5.1',
156 silly addNameRange     '0.5.2',
156 silly addNameRange     '0.6.0',
156 silly addNameRange     '0.7.0',
156 silly addNameRange     '0.7.1',
156 silly addNameRange     '0.8.0',
156 silly addNameRange     '1.0.0',
156 silly addNameRange     '1.1.0',
156 silly addNameRange     '1.1.1',
156 silly addNameRange     '1.1.2',
156 silly addNameRange     '1.2.0',
156 silly addNameRange     '1.3.0',
156 silly addNameRange     '1.4.0',
156 silly addNameRange     '1.4.1',
156 silly addNameRange     '1.5.0',
156 silly addNameRange     '1.4.2',
156 silly addNameRange     '1.4.3',
156 silly addNameRange     '1.5.1',
156 silly addNameRange     '1.5.2',
156 silly addNameRange     '1.6.0',
156 silly addNameRange     '1.5.3',
156 silly addNameRange     '1.6.1',
156 silly addNameRange     '1.6.2',
156 silly addNameRange     '1.7.0',
156 silly addNameRange     '1.8.0',
156 silly addNameRange     '1.8.1',
156 silly addNameRange     '1.8.2',
156 silly addNameRange     '1.8.3',
156 silly addNameRange     '1.8.4',
156 silly addNameRange     '1.9.0',
156 silly addNameRange     '2.0.0',
156 silly addNameRange     '2.0.1',
156 silly addNameRange     '2.0.2',
156 silly addNameRange     '2.0.3',
156 silly addNameRange     '2.0.4',
156 silly addNameRange     '2.0.5',
156 silly addNameRange     '2.0.6',
156 silly addNameRange     '2.0.7',
156 silly addNameRange     '2.0.8',
156 silly addNameRange     '2.0.9',
156 silly addNameRange     '2.1.0',
156 silly addNameRange     '2.2.0',
156 silly addNameRange     '2.2.1',
156 silly addNameRange     '2.3.0',
156 silly addNameRange     '2.3.1',
156 silly addNameRange     '2.3.2',
156 silly addNameRange     '2.3.3',
156 silly addNameRange     '2.3.4',
156 silly addNameRange     '2.3.5',
156 silly addNameRange     '2.4.0' ] ]
157 silly addNamed nan@2.4.0
158 verbose addNamed "2.4.0" is a plain semver version for nan
159 silly cache afterAdd nan@2.4.0
160 verbose afterAdd C:\Users\jklei\AppData\Roaming\npm-cache\nan\2.4.0\package\package.json not in flight; writing
161 verbose correctMkdir C:\Users\jklei\AppData\Roaming\npm-cache correctMkdir not in flight; initializing
162 verbose afterAdd C:\Users\jklei\AppData\Roaming\npm-cache\nan\2.4.0\package\package.json written
163 silly install resolved [ { name: 'bindings',
163 silly install resolved     description: 'Helper module for loading your native module\'s .node file',
163 silly install resolved     keywords: [ 'native', 'addon', 'bindings', 'gyp', 'waf', 'c', 'c++' ],
163 silly install resolved     version: '1.2.1',
163 silly install resolved     author:
163 silly install resolved      { name: 'Nathan Rajlich',
163 silly install resolved        email: 'nathan@tootallnate.net',
163 silly install resolved        url: 'http://tootallnate.net' },
163 silly install resolved     repository:
163 silly install resolved      { type: 'git',
163 silly install resolved        url: 'git://github.com/TooTallNate/node-bindings.git' },
163 silly install resolved     main: './bindings.js',
163 silly install resolved     bugs: { url: 'https://github.com/TooTallNate/node-bindings/issues' },
163 silly install resolved     homepage: 'https://github.com/TooTallNate/node-bindings',
163 silly install resolved     license: 'MIT',
163 silly install resolved     gitHead: 'e404152ee27f8478ccbc7122ee051246e8e5ec02',
163 silly install resolved     _id: 'bindings@1.2.1',
163 silly install resolved     scripts: {},
163 silly install resolved     _shasum: '14ad6113812d2d37d72e67b4cacb4bb726505f11',
163 silly install resolved     _from: 'bindings@>=1.0.0 <2.0.0',
163 silly install resolved     _npmVersion: '1.4.14',
163 silly install resolved     _npmUser: { name: 'tootallnate', email: 'nathan@tootallnate.net' },
163 silly install resolved     maintainers: [ [Object], [Object] ],
163 silly install resolved     dist:
163 silly install resolved      { shasum: '14ad6113812d2d37d72e67b4cacb4bb726505f11',
163 silly install resolved        tarball: 'https://registry.npmjs.org/bindings/-/bindings-1.2.1.tgz' },
163 silly install resolved     directories: {},
163 silly install resolved     _resolved: 'https://registry.npmjs.org/bindings/-/bindings-1.2.1.tgz',
163 silly install resolved     readme: 'ERROR: No README data found!' },
163 silly install resolved   { name: 'nan',
163 silly install resolved     version: '2.4.0',
163 silly install resolved     description: 'Native Abstractions for Node.js: C++ header for Node 0.8 -> 6 compatibility',
163 silly install resolved     main: 'include_dirs.js',
163 silly install resolved     repository: { type: 'git', url: 'git://github.com/nodejs/nan.git' },
163 silly install resolved     scripts:
163 silly install resolved      { test: 'tap --gc --stderr test/js/*-test.js',
163 silly install resolved        'rebuild-tests': 'node-gyp rebuild --msvs_version=2013 --directory test',
163 silly install resolved        docs: 'doc/.build.sh' },
163 silly install resolved     contributors:
163 silly install resolved      [ [Object],
163 silly install resolved        [Object],
163 silly install resolved        [Object],
163 silly install resolved        [Object],
163 silly install resolved        [Object],
163 silly install resolved        [Object],
163 silly install resolved        [Object] ],
163 silly install resolved     devDependencies:
163 silly install resolved      { bindings: '~1.2.1',
163 silly install resolved        commander: '^2.8.1',
163 silly install resolved        glob: '^5.0.14',
163 silly install resolved        'node-gyp': '~3.0.1',
163 silly install resolved        'readable-stream': '^2.1.4',
163 silly install resolved        tap: '~0.7.1',
163 silly install resolved        xtend: '~4.0.0' },
163 silly install resolved     license: 'MIT',
163 silly install resolved     bugs: { url: 'https://github.com/nodejs/nan/issues' },
163 silly install resolved     homepage: 'https://github.com/nodejs/nan#readme',
163 silly install resolved     _id: 'nan@2.4.0',
163 silly install resolved     _shasum: 'fb3c59d45fe4effe215f0b890f8adf6eb32d2232',
163 silly install resolved     _resolved: 'https://registry.npmjs.org/nan/-/nan-2.4.0.tgz',
163 silly install resolved     _from: 'nan@>=2.0.0 <3.0.0',
163 silly install resolved     _npmVersion: '3.3.6',
163 silly install resolved     _nodeVersion: '5.0.0',
163 silly install resolved     _npmUser: { name: 'kkoopa', email: 'bbyholm@abo.fi' },
163 silly install resolved     dist:
163 silly install resolved      { shasum: 'fb3c59d45fe4effe215f0b890f8adf6eb32d2232',
163 silly install resolved        tarball: 'https://registry.npmjs.org/nan/-/nan-2.4.0.tgz' },
163 silly install resolved     maintainers: [ [Object], [Object] ],
163 silly install resolved     _npmOperationalInternal:
163 silly install resolved      { host: 'packages-16-east.internal.npmjs.com',
163 silly install resolved        tmp: 'tmp/nan-2.4.0.tgz_1468158679820_0.6951719264034182' },
163 silly install resolved     directories: {},
163 silly install resolved     readme: 'ERROR: No README data found!' } ]
164 info install bindings@1.2.1 into c:\Users\jklei\Desktop\robot\Robot_Code\node_modules\mmap-io
165 info install nan@2.4.0 into c:\Users\jklei\Desktop\robot\Robot_Code\node_modules\mmap-io
166 info installOne bindings@1.2.1
167 verbose installOne of bindings to c:\Users\jklei\Desktop\robot\Robot_Code\node_modules\mmap-io not in flight; installing
168 verbose correctMkdir C:\Users\jklei\AppData\Roaming\npm-cache\_locks correctMkdir not in flight; initializing
169 info installOne nan@2.4.0
170 verbose installOne of nan to c:\Users\jklei\Desktop\robot\Robot_Code\node_modules\mmap-io not in flight; installing
171 verbose correctMkdir C:\Users\jklei\AppData\Roaming\npm-cache\_locks correctMkdir not in flight; initializing
172 verbose lock using C:\Users\jklei\AppData\Roaming\npm-cache\_locks\nan-2c44cf4802131bb7.lock for c:\Users\jklei\Desktop\robot\Robot_Code\node_modules\mmap-io\node_modules\nan
173 verbose lock using C:\Users\jklei\AppData\Roaming\npm-cache\_locks\bindings-ff336149bb40ccd8.lock for c:\Users\jklei\Desktop\robot\Robot_Code\node_modules\mmap-io\node_modules\bindings
174 silly install write writing nan 2.4.0 to c:\Users\jklei\Desktop\robot\Robot_Code\node_modules\mmap-io\node_modules\nan
175 silly install write writing bindings 1.2.1 to c:\Users\jklei\Desktop\robot\Robot_Code\node_modules\mmap-io\node_modules\bindings
176 verbose unbuild node_modules\mmap-io\node_modules\nan
177 verbose unbuild node_modules\mmap-io\node_modules\bindings
178 silly gentlyRm c:\Users\jklei\Desktop\robot\Robot_Code\node_modules\mmap-io\node_modules\nan is being purged from base c:\Users\jklei\Desktop\robot\Robot_Code
179 verbose gentlyRm don't care about contents; nuking c:\Users\jklei\Desktop\robot\Robot_Code\node_modules\mmap-io\node_modules\nan
180 verbose tar unpack C:\Users\jklei\AppData\Roaming\npm-cache\nan\2.4.0\package.tgz
181 verbose tar unpacking to c:\Users\jklei\Desktop\robot\Robot_Code\node_modules\mmap-io\node_modules\nan
182 silly gentlyRm c:\Users\jklei\Desktop\robot\Robot_Code\node_modules\mmap-io\node_modules\nan is being purged
183 verbose gentlyRm don't care about contents; nuking c:\Users\jklei\Desktop\robot\Robot_Code\node_modules\mmap-io\node_modules\nan
184 silly gentlyRm c:\Users\jklei\Desktop\robot\Robot_Code\node_modules\mmap-io\node_modules\bindings is being purged from base c:\Users\jklei\Desktop\robot\Robot_Code
185 verbose gentlyRm don't care about contents; nuking c:\Users\jklei\Desktop\robot\Robot_Code\node_modules\mmap-io\node_modules\bindings
186 silly gunzTarPerm modes [ '777', '666' ]
187 verbose tar unpack C:\Users\jklei\AppData\Roaming\npm-cache\bindings\1.2.1\package.tgz
188 verbose tar unpacking to c:\Users\jklei\Desktop\robot\Robot_Code\node_modules\mmap-io\node_modules\bindings
189 silly gentlyRm c:\Users\jklei\Desktop\robot\Robot_Code\node_modules\mmap-io\node_modules\bindings is being purged
190 verbose gentlyRm don't care about contents; nuking c:\Users\jklei\Desktop\robot\Robot_Code\node_modules\mmap-io\node_modules\bindings
191 silly gunzTarPerm modes [ '777', '666' ]
192 silly gunzTarPerm extractEntry package.json
193 silly gunzTarPerm modified mode [ 'package.json', 420, 438 ]
194 silly gunzTarPerm extractEntry package.json
195 silly gunzTarPerm modified mode [ 'package.json', 436, 438 ]
196 silly gunzTarPerm extractEntry README.md
197 silly gunzTarPerm modified mode [ 'README.md', 420, 438 ]
198 silly gunzTarPerm extractEntry bindings.js
199 silly gunzTarPerm modified mode [ 'bindings.js', 420, 438 ]
200 silly gunzTarPerm extractEntry README.md
201 silly gunzTarPerm modified mode [ 'README.md', 436, 438 ]
202 silly gunzTarPerm extractEntry include_dirs.js
203 silly gunzTarPerm modified mode [ 'include_dirs.js', 436, 438 ]
204 silly gunzTarPerm extractEntry nan_callbacks_pre_12_inl.h
205 silly gunzTarPerm modified mode [ 'nan_callbacks_pre_12_inl.h', 436, 438 ]
206 silly gunzTarPerm extractEntry CHANGELOG.md
207 silly gunzTarPerm modified mode [ 'CHANGELOG.md', 436, 438 ]
208 silly gunzTarPerm extractEntry LICENSE.md
209 silly gunzTarPerm modified mode [ 'LICENSE.md', 436, 438 ]
210 silly gunzTarPerm extractEntry doc/node_misc.md
211 silly gunzTarPerm modified mode [ 'doc/node_misc.md', 436, 438 ]
212 silly gunzTarPerm extractEntry doc/asyncworker.md
213 silly gunzTarPerm modified mode [ 'doc/asyncworker.md', 436, 438 ]
214 silly gunzTarPerm extractEntry doc/callback.md
215 silly gunzTarPerm modified mode [ 'doc/callback.md', 436, 438 ]
216 silly gunzTarPerm extractEntry doc/converters.md
217 silly gunzTarPerm modified mode [ 'doc/converters.md', 436, 438 ]
218 silly gunzTarPerm extractEntry doc/errors.md
219 silly gunzTarPerm modified mode [ 'doc/errors.md', 436, 438 ]
220 silly gunzTarPerm extractEntry doc/maybe_types.md
221 silly gunzTarPerm modified mode [ 'doc/maybe_types.md', 436, 438 ]
222 silly gunzTarPerm extractEntry doc/methods.md
223 silly gunzTarPerm modified mode [ 'doc/methods.md', 436, 438 ]
224 verbose write writing to c:\Users\jklei\Desktop\robot\Robot_Code\node_modules\mmap-io\node_modules\bindings\package.json
225 silly gunzTarPerm extractEntry doc/new.md
226 silly gunzTarPerm modified mode [ 'doc/new.md', 436, 438 ]
227 silly gunzTarPerm extractEntry doc/buffers.md
228 silly gunzTarPerm modified mode [ 'doc/buffers.md', 436, 438 ]
229 info preinstall bindings@1.2.1
230 verbose readDependencies loading dependencies from c:\Users\jklei\Desktop\robot\Robot_Code\node_modules\mmap-io\node_modules\bindings\package.json
231 verbose readDependencies loading dependencies from c:\Users\jklei\Desktop\robot\Robot_Code\node_modules\mmap-io\node_modules\bindings\package.json
232 silly install resolved []
233 verbose about to build c:\Users\jklei\Desktop\robot\Robot_Code\node_modules\mmap-io\node_modules\bindings
234 info build c:\Users\jklei\Desktop\robot\Robot_Code\node_modules\mmap-io\node_modules\bindings
235 info linkStuff bindings@1.2.1
236 silly linkStuff bindings@1.2.1 has c:\Users\jklei\Desktop\robot\Robot_Code\node_modules\mmap-io\node_modules as its parent node_modules
237 silly gunzTarPerm extractEntry doc/object_wrappers.md
238 silly gunzTarPerm modified mode [ 'doc/object_wrappers.md', 436, 438 ]
239 silly gunzTarPerm extractEntry doc/persistent.md
240 silly gunzTarPerm modified mode [ 'doc/persistent.md', 436, 438 ]
241 verbose linkBins bindings@1.2.1
242 verbose linkMans bindings@1.2.1
243 verbose rebuildBundles bindings@1.2.1
244 info install bindings@1.2.1
245 info postinstall bindings@1.2.1
246 verbose unlock done using C:\Users\jklei\AppData\Roaming\npm-cache\_locks\bindings-ff336149bb40ccd8.lock for c:\Users\jklei\Desktop\robot\Robot_Code\node_modules\mmap-io\node_modules\bindings
247 silly gunzTarPerm extractEntry doc/scopes.md
248 silly gunzTarPerm modified mode [ 'doc/scopes.md', 436, 438 ]
249 silly gunzTarPerm extractEntry doc/script.md
250 silly gunzTarPerm modified mode [ 'doc/script.md', 436, 438 ]
251 silly gunzTarPerm extractEntry doc/string_bytes.md
252 silly gunzTarPerm modified mode [ 'doc/string_bytes.md', 436, 438 ]
253 silly gunzTarPerm extractEntry doc/v8_internals.md
254 silly gunzTarPerm modified mode [ 'doc/v8_internals.md', 436, 438 ]
255 silly gunzTarPerm extractEntry doc/v8_misc.md
256 silly gunzTarPerm modified mode [ 'doc/v8_misc.md', 436, 438 ]
257 silly gunzTarPerm extractEntry nan.h
258 silly gunzTarPerm modified mode [ 'nan.h', 436, 438 ]
259 silly gunzTarPerm extractEntry nan_callbacks.h
260 silly gunzTarPerm modified mode [ 'nan_callbacks.h', 436, 438 ]
261 silly gunzTarPerm extractEntry nan_callbacks_12_inl.h
262 silly gunzTarPerm modified mode [ 'nan_callbacks_12_inl.h', 436, 438 ]
263 silly gunzTarPerm extractEntry nan_converters.h
264 silly gunzTarPerm modified mode [ 'nan_converters.h', 436, 438 ]
265 silly gunzTarPerm extractEntry nan_converters_43_inl.h
266 silly gunzTarPerm modified mode [ 'nan_converters_43_inl.h', 436, 438 ]
267 silly gunzTarPerm extractEntry nan_converters_pre_43_inl.h
268 silly gunzTarPerm modified mode [ 'nan_converters_pre_43_inl.h', 436, 438 ]
269 silly gunzTarPerm extractEntry nan_implementation_12_inl.h
270 silly gunzTarPerm modified mode [ 'nan_implementation_12_inl.h', 436, 438 ]
271 silly gunzTarPerm extractEntry nan_implementation_pre_12_inl.h
272 silly gunzTarPerm modified mode [ 'nan_implementation_pre_12_inl.h', 436, 438 ]
273 silly gunzTarPerm extractEntry nan_maybe_43_inl.h
274 silly gunzTarPerm modified mode [ 'nan_maybe_43_inl.h', 436, 438 ]
275 silly gunzTarPerm extractEntry nan_maybe_pre_43_inl.h
276 silly gunzTarPerm modified mode [ 'nan_maybe_pre_43_inl.h', 436, 438 ]
277 silly gunzTarPerm extractEntry nan_new.h
278 silly gunzTarPerm modified mode [ 'nan_new.h', 436, 438 ]
279 silly gunzTarPerm extractEntry nan_object_wrap.h
280 silly gunzTarPerm modified mode [ 'nan_object_wrap.h', 436, 438 ]
281 silly gunzTarPerm extractEntry nan_persistent_12_inl.h
282 silly gunzTarPerm modified mode [ 'nan_persistent_12_inl.h', 436, 438 ]
283 silly gunzTarPerm extractEntry nan_persistent_pre_12_inl.h
284 silly gunzTarPerm modified mode [ 'nan_persistent_pre_12_inl.h', 436, 438 ]
285 silly gunzTarPerm extractEntry nan_string_bytes.h
286 silly gunzTarPerm modified mode [ 'nan_string_bytes.h', 436, 438 ]
287 silly gunzTarPerm extractEntry nan_typedarray_contents.h
288 silly gunzTarPerm modified mode [ 'nan_typedarray_contents.h', 436, 438 ]
289 silly gunzTarPerm extractEntry nan_weak.h
290 silly gunzTarPerm modified mode [ 'nan_weak.h', 436, 438 ]
291 silly gunzTarPerm extractEntry tools/package.json
292 silly gunzTarPerm modified mode [ 'tools/package.json', 436, 438 ]
293 silly gunzTarPerm extractEntry tools/README.md
294 silly gunzTarPerm modified mode [ 'tools/README.md', 436, 438 ]
295 silly gunzTarPerm extractEntry tools/1to2.js
296 silly gunzTarPerm modified mode [ 'tools/1to2.js', 509, 511 ]
297 verbose write writing to c:\Users\jklei\Desktop\robot\Robot_Code\node_modules\mmap-io\node_modules\nan\package.json
298 info preinstall nan@2.4.0
299 verbose readDependencies loading dependencies from c:\Users\jklei\Desktop\robot\Robot_Code\node_modules\mmap-io\node_modules\nan\package.json
300 verbose readDependencies loading dependencies from c:\Users\jklei\Desktop\robot\Robot_Code\node_modules\mmap-io\node_modules\nan\package.json
301 silly install resolved []
302 verbose about to build c:\Users\jklei\Desktop\robot\Robot_Code\node_modules\mmap-io\node_modules\nan
303 info build c:\Users\jklei\Desktop\robot\Robot_Code\node_modules\mmap-io\node_modules\nan
304 info linkStuff nan@2.4.0
305 silly linkStuff nan@2.4.0 has c:\Users\jklei\Desktop\robot\Robot_Code\node_modules\mmap-io\node_modules as its parent node_modules
306 verbose linkBins nan@2.4.0
307 verbose linkMans nan@2.4.0
308 verbose rebuildBundles nan@2.4.0
309 info install nan@2.4.0
310 info postinstall nan@2.4.0
311 verbose unlock done using C:\Users\jklei\AppData\Roaming\npm-cache\_locks\nan-2c44cf4802131bb7.lock for c:\Users\jklei\Desktop\robot\Robot_Code\node_modules\mmap-io\node_modules\nan
312 verbose about to build c:\Users\jklei\Desktop\robot\Robot_Code\node_modules\mmap-io
313 info build c:\Users\jklei\Desktop\robot\Robot_Code\node_modules\mmap-io
314 info linkStuff mmap-io@0.10.1
315 silly linkStuff mmap-io@0.10.1 has c:\Users\jklei\Desktop\robot\Robot_Code\node_modules as its parent node_modules
316 verbose linkBins mmap-io@0.10.1
317 verbose linkMans mmap-io@0.10.1
318 verbose rebuildBundles mmap-io@0.10.1
319 verbose rebuildBundles [ 'bindings', 'nan' ]
320 info install mmap-io@0.10.1
321 verbose unsafe-perm in lifecycle true
322 info mmap-io@0.10.1 Failed to exec install script
323 verbose unlock done using C:\Users\jklei\AppData\Roaming\npm-cache\_locks\mmap-io-5de0c48f59a1dcd4.lock for c:\Users\jklei\Desktop\robot\Robot_Code\node_modules\mmap-io
324 verbose stack Error: mmap-io@0.10.1 install: `node-gyp configure && node-gyp rebuild`
324 verbose stack Exit status 1
324 verbose stack     at EventEmitter.<anonymous> (c:\Program Files\nodejs\node_modules\npm\lib\utils\lifecycle.js:217:16)
324 verbose stack     at emitTwo (events.js:87:13)
324 verbose stack     at EventEmitter.emit (events.js:172:7)
324 verbose stack     at ChildProcess.<anonymous> (c:\Program Files\nodejs\node_modules\npm\lib\utils\spawn.js:24:14)
324 verbose stack     at emitTwo (events.js:87:13)
324 verbose stack     at ChildProcess.emit (events.js:172:7)
324 verbose stack     at maybeClose (internal/child_process.js:829:16)
324 verbose stack     at Process.ChildProcess._handle.onexit (internal/child_process.js:211:5)
325 verbose pkgid mmap-io@0.10.1
326 verbose cwd c:\Users\jklei\Desktop\robot\Robot_Code
327 error Windows_NT 10.0.14393
328 error argv "c:\\Program Files\\nodejs\\node.exe" "c:\\Program Files\\nodejs\\node_modules\\npm\\bin\\npm-cli.js" "install" "mmap-io"
329 error node v4.6.1
330 error npm  v2.15.9
331 error code ELIFECYCLE
332 error mmap-io@0.10.1 install: `node-gyp configure && node-gyp rebuild`
332 error Exit status 1
333 error Failed at the mmap-io@0.10.1 install script 'node-gyp configure && node-gyp rebuild'.
333 error This is most likely a problem with the mmap-io package,
333 error not with npm itself.
333 error Tell the author that this fails on your system:
333 error     node-gyp configure && node-gyp rebuild
333 error You can get information on how to open an issue for this project with:
333 error     npm bugs mmap-io
333 error Or if that isn't available, you can get their info via:
333 error
333 error     npm owner ls mmap-io
333 error There is likely additional logging output above.
334 verbose exit [ 1, true ]
335 verbose unbuild node_modules\mmap-io
336 info preuninstall mmap-io@0.10.1
337 info uninstall mmap-io@0.10.1
338 verbose unbuild rmStuff mmap-io@0.10.1 from c:\Users\jklei\Desktop\robot\Robot_Code\node_modules
339 info postuninstall mmap-io@0.10.1
340 silly gentlyRm c:\Users\jklei\Desktop\robot\Robot_Code\node_modules\mmap-io is being purged from base c:\Users\jklei\Desktop\robot\Robot_Code
341 verbose gentlyRm don't care about contents; nuking c:\Users\jklei\Desktop\robot\Robot_Code\node_modules\mmap-io
342 silly vacuum-fs purging c:\Users\jklei\Desktop\robot\Robot_Code\node_modules\mmap-io
343 silly vacuum-fs quitting because other entries in c:\Users\jklei\Desktop\robot\Robot_Code\node_modules
